#! /c/Source/iverilog-install/bin/vvp
:ivl_version "12.0 (devel)" "(s20150603-1539-g2693dd32b)";
:ivl_delay_selection "TYPICAL";
:vpi_time_precision + 0;
:vpi_module "D:\iverilog\lib\ivl\system.vpi";
:vpi_module "D:\iverilog\lib\ivl\vhdl_sys.vpi";
:vpi_module "D:\iverilog\lib\ivl\vhdl_textio.vpi";
:vpi_module "D:\iverilog\lib\ivl\v2005_math.vpi";
:vpi_module "D:\iverilog\lib\ivl\va_math.vpi";
S_000001e378a425a0 .scope module, "gctrl" "gctrl" 2 1;
 .timescale 0 0;
    .port_info 0 /INPUT 1 "inwidth";
    .port_info 1 /INPUT 1 "clk";
    .port_info 2 /INPUT 1 "rstn";
    .port_info 3 /OUTPUT 6 "sel";
    .port_info 4 /OUTPUT 1 "st";
o000001e378a76fd8 .functor BUFZ 1, C4<z>; HiZ drive
v000001e378a42730_0 .net "clk", 0 0, o000001e378a76fd8;  0 drivers
v000001e378a427d0_0 .var "count", 5 0;
o000001e378a77038 .functor BUFZ 1, C4<z>; HiZ drive
v000001e378a42870_0 .net "inwidth", 0 0, o000001e378a77038;  0 drivers
o000001e378a77068 .functor BUFZ 1, C4<z>; HiZ drive
v000001e378a2bd60_0 .net "rstn", 0 0, o000001e378a77068;  0 drivers
v000001e378a2be00_0 .var "sel", 5 0;
v000001e378a2bea0_0 .var "st", 0 0;
E_000001e378a2c9b0 .event anyedge, v000001e378a42870_0;
E_000001e378a2c870/0 .event negedge, v000001e378a2bd60_0;
E_000001e378a2c870/1 .event posedge, v000001e378a42730_0;
E_000001e378a2c870 .event/or E_000001e378a2c870/0, E_000001e378a2c870/1;
    .scope S_000001e378a425a0;
T_0 ;
    %wait E_000001e378a2c870;
    %load/vec4 v000001e378a2bd60_0;
    %inv;
    %flag_set/vec4 8;
    %jmp/0xz  T_0.0, 8;
    %pushi/vec4 0, 0, 6;
    %assign/vec4 v000001e378a2be00_0, 0;
    %pushi/vec4 1, 0, 1;
    %assign/vec4 v000001e378a2bea0_0, 0;
    %jmp T_0.1;
T_0.0 ;
    %load/vec4 v000001e378a2be00_0;
    %load/vec4 v000001e378a427d0_0;
    %cmp/u;
    %jmp/0xz  T_0.2, 5;
    %load/vec4 v000001e378a2be00_0;
    %addi 1, 0, 6;
    %assign/vec4 v000001e378a2be00_0, 0;
    %pushi/vec4 0, 0, 1;
    %assign/vec4 v000001e378a2bea0_0, 0;
    %jmp T_0.3;
T_0.2 ;
    %pushi/vec4 0, 0, 6;
    %assign/vec4 v000001e378a2be00_0, 0;
    %pushi/vec4 1, 0, 1;
    %assign/vec4 v000001e378a2bea0_0, 0;
T_0.3 ;
T_0.1 ;
    %jmp T_0;
    .thread T_0;
    .scope S_000001e378a425a0;
T_1 ;
    %wait E_000001e378a2c9b0;
    %load/vec4 v000001e378a42870_0;
    %flag_set/vec4 8;
    %jmp/0 T_1.0, 8;
    %pushi/vec4 23, 0, 6;
    %jmp/1 T_1.1, 8;
T_1.0 ; End of true expr.
    %pushi/vec4 11, 0, 6;
    %jmp/0 T_1.1, 8;
 ; End of false expr.
    %blend;
T_1.1;
    %store/vec4 v000001e378a427d0_0, 0, 6;
    %jmp T_1;
    .thread T_1, $push;
# The file index is used to find the file name in the following table.
:file_names 3;
    "N/A";
    "<interactive>";
    "gctrl.v";
