#! /c/Source/iverilog-install/bin/vvp
:ivl_version "12.0 (devel)" "(s20150603-1539-g2693dd32b)";
:ivl_delay_selection "TYPICAL";
:vpi_time_precision - 12;
:vpi_module "D:\iverilog\lib\ivl\system.vpi";
:vpi_module "D:\iverilog\lib\ivl\vhdl_sys.vpi";
:vpi_module "D:\iverilog\lib\ivl\vhdl_textio.vpi";
:vpi_module "D:\iverilog\lib\ivl\v2005_math.vpi";
:vpi_module "D:\iverilog\lib\ivl\va_math.vpi";
S_000001dd5c242ca0 .scope module, "add_tb" "add_tb" 2 3;
 .timescale -9 -12;
P_000001dd5c2668c0 .param/l "width" 0 2 4, +C4<00000000000000000000000000000101>;
v000001dd5c278720_0 .var "a", 4 0;
v000001dd5c2787c0_0 .var "b", 4 0;
o000001dd5c27d158 .functor BUFZ 1, C4<z>; HiZ drive
v000001dd5c278860_0 .net "co", 0 0, o000001dd5c27d158;  0 drivers
v000001dd5c15c810_0 .net "s", 5 0, v000001dd5c243060_0;  1 drivers
v000001dd5c15c8b0_0 .var "sus", 0 0;
S_000001dd5c242e30 .scope task, "print_result" "print_result" 2 22, 2 22 0, S_000001dd5c242ca0;
 .timescale -9 -12;
TD_add_tb.print_result ;
    %load/vec4 v000001dd5c278720_0;
    %load/vec4 v000001dd5c2787c0_0;
    %load/vec4 v000001dd5c15c810_0;
    %vpi_call 2 24 "$display", "Time = %0t | sus = %b | a = %b (%0d) | b = %b (%0d) | s = %b (%0d) | co = %b", $time, v000001dd5c15c8b0_0, v000001dd5c278720_0, S<2,vec4,s5>, v000001dd5c2787c0_0, S<1,vec4,s5>, v000001dd5c15c810_0, S<0,vec4,s6>, v000001dd5c278860_0 {3 0 0};
    %end;
S_000001dd5c2784f0 .scope module, "uut" "add" 2 13, 2 103 0, S_000001dd5c242ca0;
 .timescale -9 -12;
    .port_info 0 /INPUT 5 "a";
    .port_info 1 /INPUT 5 "b";
    .port_info 2 /INPUT 1 "sus";
    .port_info 3 /OUTPUT 6 "s_ext";
P_000001dd5c266680 .param/l "width" 0 2 103, +C4<00000000000000000000000000000101>;
v000001dd5c15b220_0 .net "a", 4 0, v000001dd5c278720_0;  1 drivers
v000001dd5c242fc0_0 .net "b", 4 0, v000001dd5c2787c0_0;  1 drivers
v000001dd5c243060_0 .var "s_ext", 5 0;
v000001dd5c278680_0 .net "sus", 0 0, v000001dd5c15c8b0_0;  1 drivers
E_000001dd5c266c40 .event anyedge, v000001dd5c278680_0, v000001dd5c15b220_0, v000001dd5c242fc0_0;
    .scope S_000001dd5c2784f0;
T_1 ;
    %wait E_000001dd5c266c40;
    %load/vec4 v000001dd5c278680_0;
    %flag_set/vec4 8;
    %jmp/0xz  T_1.0, 8;
    %load/vec4 v000001dd5c15b220_0;
    %parti/s 1, 4, 4;
    %load/vec4 v000001dd5c15b220_0;
    %concat/vec4; draw_concat_vec4
    %load/vec4 v000001dd5c242fc0_0;
    %parti/s 1, 4, 4;
    %load/vec4 v000001dd5c242fc0_0;
    %concat/vec4; draw_concat_vec4
    %add;
    %store/vec4 v000001dd5c243060_0, 0, 6;
    %jmp T_1.1;
T_1.0 ;
    %pushi/vec4 0, 0, 1;
    %load/vec4 v000001dd5c15b220_0;
    %concat/vec4; draw_concat_vec4
    %pushi/vec4 0, 0, 1;
    %load/vec4 v000001dd5c242fc0_0;
    %concat/vec4; draw_concat_vec4
    %add;
    %store/vec4 v000001dd5c243060_0, 0, 6;
T_1.1 ;
    %jmp T_1;
    .thread T_1, $push;
    .scope S_000001dd5c242ca0;
T_2 ;
    %vpi_call 2 31 "$dumpfile", "add_tb.vcd" {0 0 0};
    %vpi_call 2 32 "$dumpvars", 32'sb00000000000000000000000000000000, S_000001dd5c242ca0 {0 0 0};
    %pushi/vec4 0, 0, 1;
    %store/vec4 v000001dd5c15c8b0_0, 0, 1;
    %pushi/vec4 3, 0, 5;
    %store/vec4 v000001dd5c278720_0, 0, 5;
    %pushi/vec4 2, 0, 5;
    %store/vec4 v000001dd5c2787c0_0, 0, 5;
    %delay 10000, 0;
    %fork TD_add_tb.print_result, S_000001dd5c242e30;
    %join;
    %pushi/vec4 15, 0, 5;
    %store/vec4 v000001dd5c278720_0, 0, 5;
    %pushi/vec4 1, 0, 5;
    %store/vec4 v000001dd5c2787c0_0, 0, 5;
    %delay 10000, 0;
    %fork TD_add_tb.print_result, S_000001dd5c242e30;
    %join;
    %pushi/vec4 10, 0, 5;
    %store/vec4 v000001dd5c278720_0, 0, 5;
    %pushi/vec4 21, 0, 5;
    %store/vec4 v000001dd5c2787c0_0, 0, 5;
    %delay 10000, 0;
    %fork TD_add_tb.print_result, S_000001dd5c242e30;
    %join;
    %pushi/vec4 1, 0, 1;
    %store/vec4 v000001dd5c15c8b0_0, 0, 1;
    %pushi/vec4 28, 0, 5;
    %store/vec4 v000001dd5c278720_0, 0, 5;
    %pushi/vec4 28, 0, 5;
    %store/vec4 v000001dd5c2787c0_0, 0, 5;
    %delay 10000, 0;
    %fork TD_add_tb.print_result, S_000001dd5c242e30;
    %join;
    %pushi/vec4 24, 0, 5;
    %store/vec4 v000001dd5c278720_0, 0, 5;
    %pushi/vec4 5, 0, 5;
    %store/vec4 v000001dd5c2787c0_0, 0, 5;
    %delay 10000, 0;
    %fork TD_add_tb.print_result, S_000001dd5c242e30;
    %join;
    %pushi/vec4 15, 0, 5;
    %store/vec4 v000001dd5c278720_0, 0, 5;
    %pushi/vec4 1, 0, 5;
    %store/vec4 v000001dd5c2787c0_0, 0, 5;
    %delay 10000, 0;
    %fork TD_add_tb.print_result, S_000001dd5c242e30;
    %join;
    %pushi/vec4 16, 0, 5;
    %store/vec4 v000001dd5c278720_0, 0, 5;
    %pushi/vec4 31, 0, 5;
    %store/vec4 v000001dd5c2787c0_0, 0, 5;
    %delay 10000, 0;
    %fork TD_add_tb.print_result, S_000001dd5c242e30;
    %join;
    %vpi_call 2 76 "$display", "Test completed." {0 0 0};
    %vpi_call 2 77 "$finish" {0 0 0};
    %end;
    .thread T_2;
# The file index is used to find the file name in the following table.
:file_names 3;
    "N/A";
    "<interactive>";
    "add.v";
