#! /c/Source/iverilog-install/bin/vvp
:ivl_version "12.0 (devel)" "(s20150603-1539-g2693dd32b)";
:ivl_delay_selection "TYPICAL";
:vpi_time_precision + 0;
:vpi_module "D:\iverilog\lib\ivl\system.vpi";
:vpi_module "D:\iverilog\lib\ivl\vhdl_sys.vpi";
:vpi_module "D:\iverilog\lib\ivl\vhdl_textio.vpi";
:vpi_module "D:\iverilog\lib\ivl\v2005_math.vpi";
:vpi_module "D:\iverilog\lib\ivl\va_math.vpi";
S_000001f5fdefde10 .scope module, "global_io" "global_io" 2 1;
 .timescale 0 0;
    .port_info 0 /INPUT 12 "macout_a";
    .port_info 1 /INPUT 12 "macout_b";
    .port_info 2 /INPUT 12 "macout_c";
    .port_info 3 /INPUT 1 "clk";
    .port_info 4 /INPUT 1 "acm_en";
    .port_info 5 /INPUT 1 "rstn";
    .port_info 6 /INPUT 1 "st";
    .port_info 7 /INPUT 1 "wwidth";
    .port_info 8 /OUTPUT 36 "nout";
o000001f5fdf2c408 .functor BUFZ 1, C4<z>; HiZ drive
L_000001f5fdf1e990 .functor NOT 1, o000001f5fdf2c408, C4<0>, C4<0>, C4<0>;
L_000001f5fdf1e7d0 .functor NOT 20, L_000001f5fdf8cc40, C4<00000000000000000000>, C4<00000000000000000000>, C4<00000000000000000000>;
L_000001f5fdf1ebc0 .functor OR 20, v000001f5fdf89bd0_0, L_000001f5fdf1e7d0, C4<00000000000000000000>, C4<00000000000000000000>;
L_000001f5fdf1ec30 .functor NOT 20, L_000001f5fdf1ebc0, C4<00000000000000000000>, C4<00000000000000000000>, C4<00000000000000000000>;
L_000001f5fe320088 .functor BUFT 1, C4<0000>, C4<0>, C4<0>, C4<0>;
v000001f5fdf87f10_0 .net/2u *"_ivl_0", 3 0, L_000001f5fe320088;  1 drivers
v000001f5fdf89270_0 .net *"_ivl_10", 19 0, L_000001f5fdf1e7d0;  1 drivers
v000001f5fdf88eb0_0 .net *"_ivl_12", 19 0, L_000001f5fdf1ebc0;  1 drivers
L_000001f5fe320118 .functor BUFT 1, C4<0000>, C4<0>, C4<0>, C4<0>;
v000001f5fdf893b0_0 .net/2u *"_ivl_16", 3 0, L_000001f5fe320118;  1 drivers
v000001f5fdf88ff0_0 .net *"_ivl_19", 15 0, L_000001f5fdf8d000;  1 drivers
v000001f5fdf89590_0 .net *"_ivl_6", 19 0, L_000001f5fdf8cc40;  1 drivers
L_000001f5fe3200d0 .functor BUFT 1, C4<0000000000000000000>, C4<0>, C4<0>, C4<0>;
v000001f5fdf894f0_0 .net *"_ivl_9", 18 0, L_000001f5fe3200d0;  1 drivers
o000001f5fdf2d968 .functor BUFZ 1, C4<z>; HiZ drive
v000001f5fdf87fb0_0 .net "acm_en", 0 0, o000001f5fdf2d968;  0 drivers
v000001f5fdf882d0_0 .net "c1", 19 0, L_000001f5fdf1ec30;  1 drivers
o000001f5fdf2d998 .functor BUFZ 1, C4<z>; HiZ drive
v000001f5fdf899f0_0 .net "clk", 0 0, o000001f5fdf2d998;  0 drivers
v000001f5fdf89a90_0 .var "in_a", 11 0;
v000001f5fdf88050_0 .var "in_b", 15 0;
v000001f5fdf89bd0_0 .var "in_c", 19 0;
o000001f5fdf2dd28 .functor BUFZ 12, C4<zzzzzzzzzzzz>; HiZ drive
v000001f5fdf88370_0 .net "macout_a", 11 0, o000001f5fdf2dd28;  0 drivers
o000001f5fdf2dd58 .functor BUFZ 12, C4<zzzzzzzzzzzz>; HiZ drive
v000001f5fdf87d30_0 .net "macout_b", 11 0, o000001f5fdf2dd58;  0 drivers
o000001f5fdf2dd88 .functor BUFZ 12, C4<zzzzzzzzzzzz>; HiZ drive
v000001f5fdf88410_0 .net "macout_c", 11 0, o000001f5fdf2dd88;  0 drivers
v000001f5fdf8e2c0_0 .net "nout", 35 0, v000001f5fdf89090_0;  1 drivers
v000001f5fdf8dbe0_0 .net "out1", 16 0, v000001f5fdf23c60_0;  1 drivers
v000001f5fdf8d140_0 .net "out2", 20 0, v000001f5fdf24520_0;  1 drivers
o000001f5fdf2d9f8 .functor BUFZ 1, C4<z>; HiZ drive
v000001f5fdf8cf60_0 .net "rstn", 0 0, o000001f5fdf2d9f8;  0 drivers
o000001f5fdf2da28 .functor BUFZ 1, C4<z>; HiZ drive
v000001f5fdf8d460_0 .net "st", 0 0, o000001f5fdf2da28;  0 drivers
v000001f5fdf8d3c0_0 .net "wwidth", 0 0, o000001f5fdf2c408;  0 drivers
E_000001f5fdf2a230 .event posedge, v000001f5fdf889b0_0;
L_000001f5fdf8c560 .concat [ 12 4 0 0], v000001f5fdf89a90_0, L_000001f5fe320088;
L_000001f5fdf8cc40 .concat [ 1 19 0 0], o000001f5fdf2c408, L_000001f5fe3200d0;
L_000001f5fdf8d000 .part v000001f5fdf23c60_0, 0, 16;
L_000001f5fdf8e400 .concat [ 16 4 0 0], L_000001f5fdf8d000, L_000001f5fe320118;
L_000001f5fdfa32a0 .part v000001f5fdf24520_0, 0, 20;
S_000001f5fdefdfa0 .scope module, "a1" "add" 2 25, 2 116 0, S_000001f5fdefde10;
 .timescale 0 0;
    .port_info 0 /INPUT 16 "a";
    .port_info 1 /INPUT 16 "b";
    .port_info 2 /INPUT 1 "sus";
    .port_info 3 /OUTPUT 17 "s";
P_000001f5fdf2a530 .param/l "width" 0 2 116, +C4<00000000000000000000000000010000>;
v000001f5fdf23bc0_0 .net "a", 15 0, L_000001f5fdf8c560;  1 drivers
v000001f5fdf242a0_0 .net "b", 15 0, v000001f5fdf88050_0;  1 drivers
v000001f5fdf23c60_0 .var "s", 16 0;
v000001f5fdf23da0_0 .net "sus", 0 0, L_000001f5fdf1e990;  1 drivers
E_000001f5fdf29c70 .event anyedge, v000001f5fdf23da0_0, v000001f5fdf23bc0_0, v000001f5fdf242a0_0;
S_000001f5fdeffcc0 .scope module, "a2" "add" 2 35, 2 116 0, S_000001f5fdefde10;
 .timescale 0 0;
    .port_info 0 /INPUT 20 "a";
    .port_info 1 /INPUT 20 "b";
    .port_info 2 /INPUT 1 "sus";
    .port_info 3 /OUTPUT 21 "s";
P_000001f5fdf2a8b0 .param/l "width" 0 2 116, +C4<00000000000000000000000000010100>;
v000001f5fdf23e40_0 .net "a", 19 0, L_000001f5fdf8e400;  1 drivers
v000001f5fdf24fc0_0 .net "b", 19 0, v000001f5fdf89bd0_0;  1 drivers
v000001f5fdf24520_0 .var "s", 20 0;
v000001f5fdf24f20_0 .net "sus", 0 0, o000001f5fdf2c408;  alias, 0 drivers
E_000001f5fdf2a7b0 .event anyedge, v000001f5fdf24f20_0, v000001f5fdf23e40_0, v000001f5fdf24fc0_0;
S_000001f5fdeffe50 .scope module, "acc1" "accumulator" 2 43, 2 55 0, S_000001f5fdefde10;
 .timescale 0 0;
    .port_info 0 /INPUT 20 "in1";
    .port_info 1 /INPUT 1 "st";
    .port_info 2 /INPUT 1 "acm_en";
    .port_info 3 /INPUT 1 "clk";
    .port_info 4 /INPUT 1 "rstn";
    .port_info 5 /OUTPUT 36 "nout";
L_000001f5fdf1ed10 .functor AND 36, L_000001f5fdf8de60, v000001f5fdf89090_0, C4<111111111111111111111111111111111111>, C4<111111111111111111111111111111111111>;
v000001f5fdf885f0_0 .net *"_ivl_0", 35 0, L_000001f5fdf8de60;  1 drivers
v000001f5fdf88870_0 .net "acc_in", 35 0, L_000001f5fdf1ed10;  1 drivers
v000001f5fdf88af0_0 .net "acm_en", 0 0, o000001f5fdf2d968;  alias, 0 drivers
v000001f5fdf889b0_0 .net "clk", 0 0, o000001f5fdf2d998;  alias, 0 drivers
v000001f5fdf89450_0 .net "in1", 19 0, L_000001f5fdfa32a0;  1 drivers
v000001f5fdf89090_0 .var "nout", 35 0;
v000001f5fdf88d70_0 .net "nout_1", 35 0, L_000001f5fdfa3200;  1 drivers
v000001f5fdf88e10_0 .net "rstn", 0 0, o000001f5fdf2d9f8;  alias, 0 drivers
v000001f5fdf89130_0 .net "st", 0 0, o000001f5fdf2da28;  alias, 0 drivers
E_000001f5fdf2a6b0/0 .event negedge, v000001f5fdf88e10_0;
E_000001f5fdf2a6b0/1 .event posedge, v000001f5fdf889b0_0;
E_000001f5fdf2a6b0 .event/or E_000001f5fdf2a6b0/0, E_000001f5fdf2a6b0/1;
LS_000001f5fdf8de60_0_0 .concat [ 1 1 1 1], o000001f5fdf2d968, o000001f5fdf2d968, o000001f5fdf2d968, o000001f5fdf2d968;
LS_000001f5fdf8de60_0_4 .concat [ 1 1 1 1], o000001f5fdf2d968, o000001f5fdf2d968, o000001f5fdf2d968, o000001f5fdf2d968;
LS_000001f5fdf8de60_0_8 .concat [ 1 1 1 1], o000001f5fdf2d968, o000001f5fdf2d968, o000001f5fdf2d968, o000001f5fdf2d968;
LS_000001f5fdf8de60_0_12 .concat [ 1 1 1 1], o000001f5fdf2d968, o000001f5fdf2d968, o000001f5fdf2d968, o000001f5fdf2d968;
LS_000001f5fdf8de60_0_16 .concat [ 1 1 1 1], o000001f5fdf2d968, o000001f5fdf2d968, o000001f5fdf2d968, o000001f5fdf2d968;
LS_000001f5fdf8de60_0_20 .concat [ 1 1 1 1], o000001f5fdf2d968, o000001f5fdf2d968, o000001f5fdf2d968, o000001f5fdf2d968;
LS_000001f5fdf8de60_0_24 .concat [ 1 1 1 1], o000001f5fdf2d968, o000001f5fdf2d968, o000001f5fdf2d968, o000001f5fdf2d968;
LS_000001f5fdf8de60_0_28 .concat [ 1 1 1 1], o000001f5fdf2d968, o000001f5fdf2d968, o000001f5fdf2d968, o000001f5fdf2d968;
LS_000001f5fdf8de60_0_32 .concat [ 1 1 1 1], o000001f5fdf2d968, o000001f5fdf2d968, o000001f5fdf2d968, o000001f5fdf2d968;
LS_000001f5fdf8de60_1_0 .concat [ 4 4 4 4], LS_000001f5fdf8de60_0_0, LS_000001f5fdf8de60_0_4, LS_000001f5fdf8de60_0_8, LS_000001f5fdf8de60_0_12;
LS_000001f5fdf8de60_1_4 .concat [ 4 4 4 4], LS_000001f5fdf8de60_0_16, LS_000001f5fdf8de60_0_20, LS_000001f5fdf8de60_0_24, LS_000001f5fdf8de60_0_28;
LS_000001f5fdf8de60_1_8 .concat [ 4 0 0 0], LS_000001f5fdf8de60_0_32;
L_000001f5fdf8de60 .concat [ 16 16 4 0], LS_000001f5fdf8de60_1_0, LS_000001f5fdf8de60_1_4, LS_000001f5fdf8de60_1_8;
S_000001f5fdef8e70 .scope module, "secla1" "se_cla" 2 68, 2 90 0, S_000001f5fdeffe50;
 .timescale 0 0;
    .port_info 0 /INPUT 20 "a";
    .port_info 1 /INPUT 36 "b";
    .port_info 2 /OUTPUT 36 "s";
v000001f5fdf887d0_0 .net *"_ivl_1", 0 0, L_000001f5fdfa1f40;  1 drivers
v000001f5fdf89950_0 .net *"_ivl_13", 19 0, L_000001f5fdfa24e0;  1 drivers
v000001f5fdf88c30_0 .net "a", 19 0, L_000001f5fdfa32a0;  alias, 1 drivers
v000001f5fdf87dd0_0 .net "b", 35 0, L_000001f5fdf1ed10;  alias, 1 drivers
v000001f5fdf884b0_0 .net "s", 35 0, L_000001f5fdfa3200;  alias, 1 drivers
v000001f5fdf88230_0 .net "s1", 15 0, L_000001f5fe368ea0;  1 drivers
v000001f5fdf88cd0_0 .net "sm", 20 0, v000001f5fdf24840_0;  1 drivers
L_000001f5fdfa1f40 .part L_000001f5fdfa32a0, 19, 1;
LS_000001f5fdfa1ea0_0_0 .concat [ 1 1 1 1], L_000001f5fdfa1f40, L_000001f5fdfa1f40, L_000001f5fdfa1f40, L_000001f5fdfa1f40;
LS_000001f5fdfa1ea0_0_4 .concat [ 1 1 1 1], L_000001f5fdfa1f40, L_000001f5fdfa1f40, L_000001f5fdfa1f40, L_000001f5fdfa1f40;
LS_000001f5fdfa1ea0_0_8 .concat [ 1 1 1 1], L_000001f5fdfa1f40, L_000001f5fdfa1f40, L_000001f5fdfa1f40, L_000001f5fdfa1f40;
LS_000001f5fdfa1ea0_0_12 .concat [ 1 1 1 1], L_000001f5fdfa1f40, L_000001f5fdfa1f40, L_000001f5fdfa1f40, L_000001f5fdfa1f40;
L_000001f5fdfa1ea0 .concat [ 4 4 4 4], LS_000001f5fdfa1ea0_0_0, LS_000001f5fdfa1ea0_0_4, LS_000001f5fdfa1ea0_0_8, LS_000001f5fdfa1ea0_0_12;
L_000001f5fdfa2f80 .part L_000001f5fdf1ed10, 20, 16;
L_000001f5fdfa3480 .part v000001f5fdf24840_0, 20, 1;
L_000001f5fdfa2a80 .part L_000001f5fdf1ed10, 0, 20;
L_000001f5fdfa24e0 .part v000001f5fdf24840_0, 0, 20;
L_000001f5fdfa3200 .concat [ 20 16 0 0], L_000001f5fdfa24e0, L_000001f5fe368ea0;
S_000001f5fdef9000 .scope module, "a1" "add" 2 106, 2 116 0, S_000001f5fdef8e70;
 .timescale 0 0;
    .port_info 0 /INPUT 20 "a";
    .port_info 1 /INPUT 20 "b";
    .port_info 2 /INPUT 1 "sus";
    .port_info 3 /OUTPUT 21 "s";
P_000001f5fdf2a5b0 .param/l "width" 0 2 116, +C4<00000000000000000000000000010100>;
v000001f5fdf23ee0_0 .net "a", 19 0, L_000001f5fdfa32a0;  alias, 1 drivers
v000001f5fdf23f80_0 .net "b", 19 0, L_000001f5fdfa2a80;  1 drivers
v000001f5fdf24840_0 .var "s", 20 0;
L_000001f5fe320160 .functor BUFT 1, C4<0>, C4<0>, C4<0>, C4<0>;
v000001f5fdf24020_0 .net "sus", 0 0, L_000001f5fe320160;  1 drivers
E_000001f5fdf2a070 .event anyedge, v000001f5fdf24020_0, v000001f5fdf23ee0_0, v000001f5fdf23f80_0;
S_000001f5fdec2ce0 .scope module, "scla1" "s_cla" 2 100, 2 134 0, S_000001f5fdef8e70;
 .timescale 0 0;
    .port_info 0 /INPUT 16 "a";
    .port_info 1 /INPUT 16 "b";
    .port_info 2 /INPUT 1 "ci";
    .port_info 3 /OUTPUT 16 "s";
    .port_info 4 /OUTPUT 1 "co";
L_000001f5fe368b20 .functor AND 16, L_000001f5fdfa1ea0, L_000001f5fdfa2f80, C4<1111111111111111>, C4<1111111111111111>;
L_000001f5fe369220 .functor XOR 16, L_000001f5fdfa1ea0, L_000001f5fdfa2f80, C4<0000000000000000>, C4<0000000000000000>;
L_000001f5fe368c00 .functor BUFZ 1, L_000001f5fdfa3480, C4<0>, C4<0>, C4<0>;
L_000001f5fe368ea0 .functor XOR 16, L_000001f5fe369220, L_000001f5fdfa37a0, C4<0000000000000000>, C4<0000000000000000>;
L_000001f5fe3696f0 .functor AND 1, L_000001f5fdfa1ae0, L_000001f5fdfa33e0, C4<1>, C4<1>;
L_000001f5fe368f10 .functor OR 1, L_000001f5fdfa35c0, L_000001f5fe3696f0, C4<0>, C4<0>;
v000001f5fdf89770_0 .net "C", 15 0, L_000001f5fdfa37a0;  1 drivers
v000001f5fdf89810_0 .net "G", 15 0, L_000001f5fe368b20;  1 drivers
v000001f5fdf898b0_0 .net "P", 15 0, L_000001f5fe369220;  1 drivers
v000001f5fdf87e70_0 .net *"_ivl_83", 0 0, L_000001f5fe368c00;  1 drivers
v000001f5fdf896d0_0 .net *"_ivl_87", 0 0, L_000001f5fdfa35c0;  1 drivers
v000001f5fdf88550_0 .net *"_ivl_89", 0 0, L_000001f5fdfa1ae0;  1 drivers
v000001f5fdf880f0_0 .net *"_ivl_91", 0 0, L_000001f5fdfa33e0;  1 drivers
v000001f5fdf88910_0 .net *"_ivl_92", 0 0, L_000001f5fe3696f0;  1 drivers
v000001f5fdf89310_0 .net/s "a", 15 0, L_000001f5fdfa1ea0;  1 drivers
v000001f5fdf88730_0 .net/s "b", 15 0, L_000001f5fdfa2f80;  1 drivers
v000001f5fdf88690_0 .net "ci", 0 0, L_000001f5fdfa3480;  1 drivers
v000001f5fdf88190_0 .net "co", 0 0, L_000001f5fe368f10;  1 drivers
v000001f5fdf89b30_0 .net/s "s", 15 0, L_000001f5fe368ea0;  alias, 1 drivers
L_000001f5fdf8c600 .part L_000001f5fe368b20, 0, 1;
L_000001f5fdf8cb00 .part L_000001f5fe369220, 0, 1;
L_000001f5fdf8d6e0 .part L_000001f5fdfa37a0, 0, 1;
L_000001f5fdf8dd20 .part L_000001f5fe368b20, 1, 1;
L_000001f5fdf8cba0 .part L_000001f5fe369220, 1, 1;
L_000001f5fdf8d1e0 .part L_000001f5fdfa37a0, 1, 1;
L_000001f5fdf8d280 .part L_000001f5fe368b20, 2, 1;
L_000001f5fdf8c740 .part L_000001f5fe369220, 2, 1;
L_000001f5fdf8d5a0 .part L_000001f5fdfa37a0, 2, 1;
L_000001f5fdf8d500 .part L_000001f5fe368b20, 3, 1;
L_000001f5fdf8c880 .part L_000001f5fe369220, 3, 1;
L_000001f5fdf8c6a0 .part L_000001f5fdfa37a0, 3, 1;
L_000001f5fdf8ce20 .part L_000001f5fe368b20, 4, 1;
L_000001f5fdf8e360 .part L_000001f5fe369220, 4, 1;
L_000001f5fdf8dc80 .part L_000001f5fdfa37a0, 4, 1;
L_000001f5fdf8cce0 .part L_000001f5fe368b20, 5, 1;
L_000001f5fdf8d640 .part L_000001f5fe369220, 5, 1;
L_000001f5fdf8ddc0 .part L_000001f5fdfa37a0, 5, 1;
L_000001f5fdf8cec0 .part L_000001f5fe368b20, 6, 1;
L_000001f5fdf8cd80 .part L_000001f5fe369220, 6, 1;
L_000001f5fdf8c920 .part L_000001f5fdfa37a0, 6, 1;
L_000001f5fdf8df00 .part L_000001f5fe368b20, 7, 1;
L_000001f5fdf8c7e0 .part L_000001f5fe369220, 7, 1;
L_000001f5fdf8c9c0 .part L_000001f5fdfa37a0, 7, 1;
L_000001f5fdf8da00 .part L_000001f5fe368b20, 8, 1;
L_000001f5fdf8d0a0 .part L_000001f5fe369220, 8, 1;
L_000001f5fdf8ca60 .part L_000001f5fdfa37a0, 8, 1;
L_000001f5fdf8d320 .part L_000001f5fe368b20, 9, 1;
L_000001f5fdf8d780 .part L_000001f5fe369220, 9, 1;
L_000001f5fdf8d820 .part L_000001f5fdfa37a0, 9, 1;
L_000001f5fdf8d8c0 .part L_000001f5fe368b20, 10, 1;
L_000001f5fdf8d960 .part L_000001f5fe369220, 10, 1;
L_000001f5fdf8daa0 .part L_000001f5fdfa37a0, 10, 1;
L_000001f5fdf8db40 .part L_000001f5fe368b20, 11, 1;
L_000001f5fdf8dfa0 .part L_000001f5fe369220, 11, 1;
L_000001f5fdf8e040 .part L_000001f5fdfa37a0, 11, 1;
L_000001f5fdf8e0e0 .part L_000001f5fe368b20, 12, 1;
L_000001f5fdf8e180 .part L_000001f5fe369220, 12, 1;
L_000001f5fdf8e220 .part L_000001f5fdfa37a0, 12, 1;
L_000001f5fdfa2ee0 .part L_000001f5fe368b20, 13, 1;
L_000001f5fdfa1b80 .part L_000001f5fe369220, 13, 1;
L_000001f5fdfa2d00 .part L_000001f5fdfa37a0, 13, 1;
L_000001f5fdfa19a0 .part L_000001f5fe368b20, 14, 1;
L_000001f5fdfa26c0 .part L_000001f5fe369220, 14, 1;
L_000001f5fdfa1c20 .part L_000001f5fdfa37a0, 14, 1;
LS_000001f5fdfa37a0_0_0 .concat8 [ 1 1 1 1], L_000001f5fe368c00, L_000001f5fdf1ed80, L_000001f5fdf1edf0, L_000001f5fdf1ef40;
LS_000001f5fdfa37a0_0_4 .concat8 [ 1 1 1 1], L_000001f5fe3693e0, L_000001f5fe369450, L_000001f5fe368a40, L_000001f5fe3694c0;
LS_000001f5fdfa37a0_0_8 .concat8 [ 1 1 1 1], L_000001f5fe368960, L_000001f5fe368810, L_000001f5fe369530, L_000001f5fe368b90;
LS_000001f5fdfa37a0_0_12 .concat8 [ 1 1 1 1], L_000001f5fe368f80, L_000001f5fe3689d0, L_000001f5fe368e30, L_000001f5fe369370;
L_000001f5fdfa37a0 .concat8 [ 4 4 4 4], LS_000001f5fdfa37a0_0_0, LS_000001f5fdfa37a0_0_4, LS_000001f5fdfa37a0_0_8, LS_000001f5fdfa37a0_0_12;
L_000001f5fdfa35c0 .part L_000001f5fe368b20, 15, 1;
L_000001f5fdfa1ae0 .part L_000001f5fe369220, 15, 1;
L_000001f5fdfa33e0 .part L_000001f5fdfa37a0, 15, 1;
S_000001f5fdec2e70 .scope generate, "genblk1[1]" "genblk1[1]" 2 153, 2 153 0, S_000001f5fdec2ce0;
 .timescale 0 0;
P_000001f5fdf2a370 .param/l "i" 0 2 153, +C4<01>;
L_000001f5fdf1eed0 .functor AND 1, L_000001f5fdf8cb00, L_000001f5fdf8d6e0, C4<1>, C4<1>;
L_000001f5fdf1ed80 .functor OR 1, L_000001f5fdf8c600, L_000001f5fdf1eed0, C4<0>, C4<0>;
v000001f5fdf24200_0 .net *"_ivl_0", 0 0, L_000001f5fdf8c600;  1 drivers
v000001f5fdf240c0_0 .net *"_ivl_1", 0 0, L_000001f5fdf8cb00;  1 drivers
v000001f5fdf24980_0 .net *"_ivl_2", 0 0, L_000001f5fdf8d6e0;  1 drivers
v000001f5fdf245c0_0 .net *"_ivl_3", 0 0, L_000001f5fdf1eed0;  1 drivers
v000001f5fdf24660_0 .net *"_ivl_5", 0 0, L_000001f5fdf1ed80;  1 drivers
S_000001f5fdec3000 .scope generate, "genblk1[2]" "genblk1[2]" 2 153, 2 153 0, S_000001f5fdec2ce0;
 .timescale 0 0;
P_000001f5fdf2a930 .param/l "i" 0 2 153, +C4<010>;
L_000001f5fdf1efb0 .functor AND 1, L_000001f5fdf8cba0, L_000001f5fdf8d1e0, C4<1>, C4<1>;
L_000001f5fdf1edf0 .functor OR 1, L_000001f5fdf8dd20, L_000001f5fdf1efb0, C4<0>, C4<0>;
v000001f5fdf248e0_0 .net *"_ivl_0", 0 0, L_000001f5fdf8dd20;  1 drivers
v000001f5fdf24a20_0 .net *"_ivl_1", 0 0, L_000001f5fdf8cba0;  1 drivers
v000001f5fdf18be0_0 .net *"_ivl_2", 0 0, L_000001f5fdf8d1e0;  1 drivers
v000001f5fdf199a0_0 .net *"_ivl_3", 0 0, L_000001f5fdf1efb0;  1 drivers
v000001f5fdf18460_0 .net *"_ivl_5", 0 0, L_000001f5fdf1edf0;  1 drivers
S_000001f5fdf84040 .scope generate, "genblk1[3]" "genblk1[3]" 2 153, 2 153 0, S_000001f5fdec2ce0;
 .timescale 0 0;
P_000001f5fdf2a130 .param/l "i" 0 2 153, +C4<011>;
L_000001f5fdf1ee60 .functor AND 1, L_000001f5fdf8c740, L_000001f5fdf8d5a0, C4<1>, C4<1>;
L_000001f5fdf1ef40 .functor OR 1, L_000001f5fdf8d280, L_000001f5fdf1ee60, C4<0>, C4<0>;
v000001f5fdf19360_0 .net *"_ivl_0", 0 0, L_000001f5fdf8d280;  1 drivers
v000001f5fdf18d20_0 .net *"_ivl_1", 0 0, L_000001f5fdf8c740;  1 drivers
v000001f5fdf19400_0 .net *"_ivl_2", 0 0, L_000001f5fdf8d5a0;  1 drivers
v000001f5fdf17d80_0 .net *"_ivl_3", 0 0, L_000001f5fdf1ee60;  1 drivers
v000001f5fdf17f60_0 .net *"_ivl_5", 0 0, L_000001f5fdf1ef40;  1 drivers
S_000001f5fdf841d0 .scope generate, "genblk1[4]" "genblk1[4]" 2 153, 2 153 0, S_000001f5fdec2ce0;
 .timescale 0 0;
P_000001f5fdf2a730 .param/l "i" 0 2 153, +C4<0100>;
L_000001f5fe369290 .functor AND 1, L_000001f5fdf8c880, L_000001f5fdf8c6a0, C4<1>, C4<1>;
L_000001f5fe3693e0 .functor OR 1, L_000001f5fdf8d500, L_000001f5fe369290, C4<0>, C4<0>;
v000001f5fdf18500_0 .net *"_ivl_0", 0 0, L_000001f5fdf8d500;  1 drivers
v000001f5fdf12500_0 .net *"_ivl_1", 0 0, L_000001f5fdf8c880;  1 drivers
v000001f5fdf12000_0 .net *"_ivl_2", 0 0, L_000001f5fdf8c6a0;  1 drivers
v000001f5fdf120a0_0 .net *"_ivl_3", 0 0, L_000001f5fe369290;  1 drivers
v000001f5fdf12320_0 .net *"_ivl_5", 0 0, L_000001f5fe3693e0;  1 drivers
S_000001f5fdf84360 .scope generate, "genblk1[5]" "genblk1[5]" 2 153, 2 153 0, S_000001f5fdec2ce0;
 .timescale 0 0;
P_000001f5fdf29fb0 .param/l "i" 0 2 153, +C4<0101>;
L_000001f5fe368dc0 .functor AND 1, L_000001f5fdf8e360, L_000001f5fdf8dc80, C4<1>, C4<1>;
L_000001f5fe369450 .functor OR 1, L_000001f5fdf8ce20, L_000001f5fe368dc0, C4<0>, C4<0>;
v000001f5fdf84e00_0 .net *"_ivl_0", 0 0, L_000001f5fdf8ce20;  1 drivers
v000001f5fdf84540_0 .net *"_ivl_1", 0 0, L_000001f5fdf8e360;  1 drivers
v000001f5fdf86020_0 .net *"_ivl_2", 0 0, L_000001f5fdf8dc80;  1 drivers
v000001f5fdf856c0_0 .net *"_ivl_3", 0 0, L_000001f5fe368dc0;  1 drivers
v000001f5fdf84b80_0 .net *"_ivl_5", 0 0, L_000001f5fe369450;  1 drivers
S_000001f5fdf86500 .scope generate, "genblk1[6]" "genblk1[6]" 2 153, 2 153 0, S_000001f5fdec2ce0;
 .timescale 0 0;
P_000001f5fdf29df0 .param/l "i" 0 2 153, +C4<0110>;
L_000001f5fe369140 .functor AND 1, L_000001f5fdf8d640, L_000001f5fdf8ddc0, C4<1>, C4<1>;
L_000001f5fe368a40 .functor OR 1, L_000001f5fdf8cce0, L_000001f5fe369140, C4<0>, C4<0>;
v000001f5fdf851c0_0 .net *"_ivl_0", 0 0, L_000001f5fdf8cce0;  1 drivers
v000001f5fdf85bc0_0 .net *"_ivl_1", 0 0, L_000001f5fdf8d640;  1 drivers
v000001f5fdf853a0_0 .net *"_ivl_2", 0 0, L_000001f5fdf8ddc0;  1 drivers
v000001f5fdf84a40_0 .net *"_ivl_3", 0 0, L_000001f5fe369140;  1 drivers
v000001f5fdf85580_0 .net *"_ivl_5", 0 0, L_000001f5fe368a40;  1 drivers
S_000001f5fdf86690 .scope generate, "genblk1[7]" "genblk1[7]" 2 153, 2 153 0, S_000001f5fdec2ce0;
 .timescale 0 0;
P_000001f5fdf2a770 .param/l "i" 0 2 153, +C4<0111>;
L_000001f5fe369610 .functor AND 1, L_000001f5fdf8cd80, L_000001f5fdf8c920, C4<1>, C4<1>;
L_000001f5fe3694c0 .functor OR 1, L_000001f5fdf8cec0, L_000001f5fe369610, C4<0>, C4<0>;
v000001f5fdf860c0_0 .net *"_ivl_0", 0 0, L_000001f5fdf8cec0;  1 drivers
v000001f5fdf85d00_0 .net *"_ivl_1", 0 0, L_000001f5fdf8cd80;  1 drivers
v000001f5fdf84cc0_0 .net *"_ivl_2", 0 0, L_000001f5fdf8c920;  1 drivers
v000001f5fdf85800_0 .net *"_ivl_3", 0 0, L_000001f5fe369610;  1 drivers
v000001f5fdf862a0_0 .net *"_ivl_5", 0 0, L_000001f5fe3694c0;  1 drivers
S_000001f5fdf86820 .scope generate, "genblk1[8]" "genblk1[8]" 2 153, 2 153 0, S_000001f5fdec2ce0;
 .timescale 0 0;
P_000001f5fdf2a830 .param/l "i" 0 2 153, +C4<01000>;
L_000001f5fe369680 .functor AND 1, L_000001f5fdf8c7e0, L_000001f5fdf8c9c0, C4<1>, C4<1>;
L_000001f5fe368960 .functor OR 1, L_000001f5fdf8df00, L_000001f5fe369680, C4<0>, C4<0>;
v000001f5fdf85760_0 .net *"_ivl_0", 0 0, L_000001f5fdf8df00;  1 drivers
v000001f5fdf86160_0 .net *"_ivl_1", 0 0, L_000001f5fdf8c7e0;  1 drivers
v000001f5fdf86340_0 .net *"_ivl_2", 0 0, L_000001f5fdf8c9c0;  1 drivers
v000001f5fdf86200_0 .net *"_ivl_3", 0 0, L_000001f5fe369680;  1 drivers
v000001f5fdf863e0_0 .net *"_ivl_5", 0 0, L_000001f5fe368960;  1 drivers
S_000001f5fdf869b0 .scope generate, "genblk1[9]" "genblk1[9]" 2 153, 2 153 0, S_000001f5fdec2ce0;
 .timescale 0 0;
P_000001f5fdf29d70 .param/l "i" 0 2 153, +C4<01001>;
L_000001f5fe368c70 .functor AND 1, L_000001f5fdf8d0a0, L_000001f5fdf8ca60, C4<1>, C4<1>;
L_000001f5fe368810 .functor OR 1, L_000001f5fdf8da00, L_000001f5fe368c70, C4<0>, C4<0>;
v000001f5fdf84f40_0 .net *"_ivl_0", 0 0, L_000001f5fdf8da00;  1 drivers
v000001f5fdf845e0_0 .net *"_ivl_1", 0 0, L_000001f5fdf8d0a0;  1 drivers
v000001f5fdf84d60_0 .net *"_ivl_2", 0 0, L_000001f5fdf8ca60;  1 drivers
v000001f5fdf85a80_0 .net *"_ivl_3", 0 0, L_000001f5fe368c70;  1 drivers
v000001f5fdf85120_0 .net *"_ivl_5", 0 0, L_000001f5fe368810;  1 drivers
S_000001f5fdf86b40 .scope generate, "genblk1[10]" "genblk1[10]" 2 153, 2 153 0, S_000001f5fdec2ce0;
 .timescale 0 0;
P_000001f5fdf2a1b0 .param/l "i" 0 2 153, +C4<01010>;
L_000001f5fe3690d0 .functor AND 1, L_000001f5fdf8d780, L_000001f5fdf8d820, C4<1>, C4<1>;
L_000001f5fe369530 .functor OR 1, L_000001f5fdf8d320, L_000001f5fe3690d0, C4<0>, C4<0>;
v000001f5fdf84720_0 .net *"_ivl_0", 0 0, L_000001f5fdf8d320;  1 drivers
v000001f5fdf85ee0_0 .net *"_ivl_1", 0 0, L_000001f5fdf8d780;  1 drivers
v000001f5fdf85080_0 .net *"_ivl_2", 0 0, L_000001f5fdf8d820;  1 drivers
v000001f5fdf84fe0_0 .net *"_ivl_3", 0 0, L_000001f5fe3690d0;  1 drivers
v000001f5fdf85b20_0 .net *"_ivl_5", 0 0, L_000001f5fe369530;  1 drivers
S_000001f5fdf874f0 .scope generate, "genblk1[11]" "genblk1[11]" 2 153, 2 153 0, S_000001f5fdec2ce0;
 .timescale 0 0;
P_000001f5fdf29ff0 .param/l "i" 0 2 153, +C4<01011>;
L_000001f5fe368ce0 .functor AND 1, L_000001f5fdf8d960, L_000001f5fdf8daa0, C4<1>, C4<1>;
L_000001f5fe368b90 .functor OR 1, L_000001f5fdf8d8c0, L_000001f5fe368ce0, C4<0>, C4<0>;
v000001f5fdf85f80_0 .net *"_ivl_0", 0 0, L_000001f5fdf8d8c0;  1 drivers
v000001f5fdf84c20_0 .net *"_ivl_1", 0 0, L_000001f5fdf8d960;  1 drivers
v000001f5fdf85260_0 .net *"_ivl_2", 0 0, L_000001f5fdf8daa0;  1 drivers
v000001f5fdf84680_0 .net *"_ivl_3", 0 0, L_000001f5fe368ce0;  1 drivers
v000001f5fdf85c60_0 .net *"_ivl_5", 0 0, L_000001f5fe368b90;  1 drivers
S_000001f5fdf87040 .scope generate, "genblk1[12]" "genblk1[12]" 2 153, 2 153 0, S_000001f5fdec2ce0;
 .timescale 0 0;
P_000001f5fdf2a3f0 .param/l "i" 0 2 153, +C4<01100>;
L_000001f5fe368ab0 .functor AND 1, L_000001f5fdf8dfa0, L_000001f5fdf8e040, C4<1>, C4<1>;
L_000001f5fe368f80 .functor OR 1, L_000001f5fdf8db40, L_000001f5fe368ab0, C4<0>, C4<0>;
v000001f5fdf85300_0 .net *"_ivl_0", 0 0, L_000001f5fdf8db40;  1 drivers
v000001f5fdf847c0_0 .net *"_ivl_1", 0 0, L_000001f5fdf8dfa0;  1 drivers
v000001f5fdf85e40_0 .net *"_ivl_2", 0 0, L_000001f5fdf8e040;  1 drivers
v000001f5fdf85440_0 .net *"_ivl_3", 0 0, L_000001f5fe368ab0;  1 drivers
v000001f5fdf84ea0_0 .net *"_ivl_5", 0 0, L_000001f5fe368f80;  1 drivers
S_000001f5fdf87b30 .scope generate, "genblk1[13]" "genblk1[13]" 2 153, 2 153 0, S_000001f5fdec2ce0;
 .timescale 0 0;
P_000001f5fdf29b70 .param/l "i" 0 2 153, +C4<01101>;
L_000001f5fe369300 .functor AND 1, L_000001f5fdf8e180, L_000001f5fdf8e220, C4<1>, C4<1>;
L_000001f5fe3689d0 .functor OR 1, L_000001f5fdf8e0e0, L_000001f5fe369300, C4<0>, C4<0>;
v000001f5fdf854e0_0 .net *"_ivl_0", 0 0, L_000001f5fdf8e0e0;  1 drivers
v000001f5fdf85620_0 .net *"_ivl_1", 0 0, L_000001f5fdf8e180;  1 drivers
v000001f5fdf858a0_0 .net *"_ivl_2", 0 0, L_000001f5fdf8e220;  1 drivers
v000001f5fdf85940_0 .net *"_ivl_3", 0 0, L_000001f5fe369300;  1 drivers
v000001f5fdf859e0_0 .net *"_ivl_5", 0 0, L_000001f5fe3689d0;  1 drivers
S_000001f5fdf879a0 .scope generate, "genblk1[14]" "genblk1[14]" 2 153, 2 153 0, S_000001f5fdec2ce0;
 .timescale 0 0;
P_000001f5fdf2a5f0 .param/l "i" 0 2 153, +C4<01110>;
L_000001f5fe368ff0 .functor AND 1, L_000001f5fdfa1b80, L_000001f5fdfa2d00, C4<1>, C4<1>;
L_000001f5fe368e30 .functor OR 1, L_000001f5fdfa2ee0, L_000001f5fe368ff0, C4<0>, C4<0>;
v000001f5fdf85da0_0 .net *"_ivl_0", 0 0, L_000001f5fdfa2ee0;  1 drivers
v000001f5fdf84860_0 .net *"_ivl_1", 0 0, L_000001f5fdfa1b80;  1 drivers
v000001f5fdf84900_0 .net *"_ivl_2", 0 0, L_000001f5fdfa2d00;  1 drivers
v000001f5fdf849a0_0 .net *"_ivl_3", 0 0, L_000001f5fe368ff0;  1 drivers
v000001f5fdf84ae0_0 .net *"_ivl_5", 0 0, L_000001f5fe368e30;  1 drivers
S_000001f5fdf86d20 .scope generate, "genblk1[15]" "genblk1[15]" 2 153, 2 153 0, S_000001f5fdec2ce0;
 .timescale 0 0;
P_000001f5fdf2a270 .param/l "i" 0 2 153, +C4<01111>;
L_000001f5fe3691b0 .functor AND 1, L_000001f5fdfa26c0, L_000001f5fdfa1c20, C4<1>, C4<1>;
L_000001f5fe369370 .functor OR 1, L_000001f5fdfa19a0, L_000001f5fe3691b0, C4<0>, C4<0>;
v000001f5fdf88a50_0 .net *"_ivl_0", 0 0, L_000001f5fdfa19a0;  1 drivers
v000001f5fdf89630_0 .net *"_ivl_1", 0 0, L_000001f5fdfa26c0;  1 drivers
v000001f5fdf891d0_0 .net *"_ivl_2", 0 0, L_000001f5fdfa1c20;  1 drivers
v000001f5fdf88b90_0 .net *"_ivl_3", 0 0, L_000001f5fe3691b0;  1 drivers
v000001f5fdf88f50_0 .net *"_ivl_5", 0 0, L_000001f5fe369370;  1 drivers
    .scope S_000001f5fdefdfa0;
T_0 ;
    %wait E_000001f5fdf29c70;
    %load/vec4 v000001f5fdf23da0_0;
    %flag_set/vec4 8;
    %jmp/0xz  T_0.0, 8;
    %load/vec4 v000001f5fdf23bc0_0;
    %parti/s 1, 15, 5;
    %load/vec4 v000001f5fdf23bc0_0;
    %concat/vec4; draw_concat_vec4
    %load/vec4 v000001f5fdf242a0_0;
    %parti/s 1, 15, 5;
    %load/vec4 v000001f5fdf242a0_0;
    %concat/vec4; draw_concat_vec4
    %add;
    %store/vec4 v000001f5fdf23c60_0, 0, 17;
    %jmp T_0.1;
T_0.0 ;
    %pushi/vec4 0, 0, 1;
    %load/vec4 v000001f5fdf23bc0_0;
    %concat/vec4; draw_concat_vec4
    %pushi/vec4 0, 0, 1;
    %load/vec4 v000001f5fdf242a0_0;
    %concat/vec4; draw_concat_vec4
    %add;
    %store/vec4 v000001f5fdf23c60_0, 0, 17;
T_0.1 ;
    %jmp T_0;
    .thread T_0, $push;
    .scope S_000001f5fdeffcc0;
T_1 ;
    %wait E_000001f5fdf2a7b0;
    %load/vec4 v000001f5fdf24f20_0;
    %flag_set/vec4 8;
    %jmp/0xz  T_1.0, 8;
    %load/vec4 v000001f5fdf23e40_0;
    %parti/s 1, 19, 6;
    %load/vec4 v000001f5fdf23e40_0;
    %concat/vec4; draw_concat_vec4
    %load/vec4 v000001f5fdf24fc0_0;
    %parti/s 1, 19, 6;
    %load/vec4 v000001f5fdf24fc0_0;
    %concat/vec4; draw_concat_vec4
    %add;
    %store/vec4 v000001f5fdf24520_0, 0, 21;
    %jmp T_1.1;
T_1.0 ;
    %pushi/vec4 0, 0, 1;
    %load/vec4 v000001f5fdf23e40_0;
    %concat/vec4; draw_concat_vec4
    %pushi/vec4 0, 0, 1;
    %load/vec4 v000001f5fdf24fc0_0;
    %concat/vec4; draw_concat_vec4
    %add;
    %store/vec4 v000001f5fdf24520_0, 0, 21;
T_1.1 ;
    %jmp T_1;
    .thread T_1, $push;
    .scope S_000001f5fdef9000;
T_2 ;
    %wait E_000001f5fdf2a070;
    %load/vec4 v000001f5fdf24020_0;
    %flag_set/vec4 8;
    %jmp/0xz  T_2.0, 8;
    %load/vec4 v000001f5fdf23ee0_0;
    %parti/s 1, 19, 6;
    %load/vec4 v000001f5fdf23ee0_0;
    %concat/vec4; draw_concat_vec4
    %load/vec4 v000001f5fdf23f80_0;
    %parti/s 1, 19, 6;
    %load/vec4 v000001f5fdf23f80_0;
    %concat/vec4; draw_concat_vec4
    %add;
    %store/vec4 v000001f5fdf24840_0, 0, 21;
    %jmp T_2.1;
T_2.0 ;
    %pushi/vec4 0, 0, 1;
    %load/vec4 v000001f5fdf23ee0_0;
    %concat/vec4; draw_concat_vec4
    %pushi/vec4 0, 0, 1;
    %load/vec4 v000001f5fdf23f80_0;
    %concat/vec4; draw_concat_vec4
    %add;
    %store/vec4 v000001f5fdf24840_0, 0, 21;
T_2.1 ;
    %jmp T_2;
    .thread T_2, $push;
    .scope S_000001f5fdeffe50;
T_3 ;
    %wait E_000001f5fdf2a6b0;
    %load/vec4 v000001f5fdf88e10_0;
    %flag_set/vec4 8;
    %jmp/0xz  T_3.0, 8;
    %pushi/vec4 0, 0, 36;
    %assign/vec4 v000001f5fdf89090_0, 0;
    %jmp T_3.1;
T_3.0 ;
    %load/vec4 v000001f5fdf89130_0;
    %nor/r;
    %flag_set/vec4 8;
    %jmp/0xz  T_3.2, 8;
    %load/vec4 v000001f5fdf88d70_0;
    %assign/vec4 v000001f5fdf89090_0, 0;
    %jmp T_3.3;
T_3.2 ;
    %pushi/vec4 0, 0, 36;
    %assign/vec4 v000001f5fdf89090_0, 0;
T_3.3 ;
T_3.1 ;
    %jmp T_3;
    .thread T_3;
    .scope S_000001f5fdefde10;
T_4 ;
    %wait E_000001f5fdf2a230;
    %load/vec4 v000001f5fdf88370_0;
    %assign/vec4 v000001f5fdf89a90_0, 0;
    %load/vec4 v000001f5fdf87d30_0;
    %pad/u 16;
    %ix/load 4, 4, 0;
    %flag_set/imm 4, 0;
    %shiftl 4;
    %assign/vec4 v000001f5fdf88050_0, 0;
    %load/vec4 v000001f5fdf88410_0;
    %pad/u 20;
    %ix/load 4, 8, 0;
    %flag_set/imm 4, 0;
    %shiftl 4;
    %assign/vec4 v000001f5fdf89bd0_0, 0;
    %jmp T_4;
    .thread T_4;
# The file index is used to find the file name in the following table.
:file_names 3;
    "N/A";
    "<interactive>";
    "global_io.v";
