#! /c/Source/iverilog-install/bin/vvp
:ivl_version "12.0 (devel)" "(s20150603-1539-g2693dd32b)";
:ivl_delay_selection "TYPICAL";
:vpi_time_precision + 0;
:vpi_module "D:\iverilog\lib\ivl\system.vpi";
:vpi_module "D:\iverilog\lib\ivl\vhdl_sys.vpi";
:vpi_module "D:\iverilog\lib\ivl\vhdl_textio.vpi";
:vpi_module "D:\iverilog\lib\ivl\v2005_math.vpi";
:vpi_module "D:\iverilog\lib\ivl\va_math.vpi";
S_0000020bb5cc2db0 .scope module, "s_cla" "s_cla" 2 1;
 .timescale 0 0;
    .port_info 0 /INPUT 16 "a";
    .port_info 1 /INPUT 16 "b";
    .port_info 2 /INPUT 1 "ci";
    .port_info 3 /OUTPUT 16 "s";
    .port_info 4 /OUTPUT 1 "co";
o0000020bb5d07658 .functor BUFZ 16, C4<zzzzzzzzzzzzzzzz>; HiZ drive
o0000020bb5d07688 .functor BUFZ 16, C4<zzzzzzzzzzzzzzzz>; HiZ drive
L_0000020bb5d66d90 .functor AND 16, o0000020bb5d07658, o0000020bb5d07688, C4<1111111111111111>, C4<1111111111111111>;
L_0000020bb5d67810 .functor XOR 16, o0000020bb5d07658, o0000020bb5d07688, C4<0000000000000000>, C4<0000000000000000>;
o0000020bb5d076b8 .functor BUFZ 1, C4<z>; HiZ drive
L_0000020bb5d66a80 .functor BUFZ 1, o0000020bb5d076b8, C4<0>, C4<0>, C4<0>;
L_0000020bb5d67340 .functor XOR 16, L_0000020bb5d67810, L_0000020bb5d641d0, C4<0000000000000000>, C4<0000000000000000>;
L_0000020bb5d67880 .functor AND 1, L_0000020bb5d64590, L_0000020bb5d64090, C4<1>, C4<1>;
L_0000020bb5d66b60 .functor OR 1, L_0000020bb5d644f0, L_0000020bb5d67880, C4<0>, C4<0>;
v0000020bb5d5f7d0_0 .net "C", 15 0, L_0000020bb5d641d0;  1 drivers
v0000020bb5d61350_0 .net "G", 15 0, L_0000020bb5d66d90;  1 drivers
v0000020bb5d61210_0 .net "P", 15 0, L_0000020bb5d67810;  1 drivers
v0000020bb5d610d0_0 .net *"_ivl_83", 0 0, L_0000020bb5d66a80;  1 drivers
v0000020bb5d5ff50_0 .net *"_ivl_87", 0 0, L_0000020bb5d644f0;  1 drivers
v0000020bb5d603b0_0 .net *"_ivl_89", 0 0, L_0000020bb5d64590;  1 drivers
v0000020bb5d61170_0 .net *"_ivl_91", 0 0, L_0000020bb5d64090;  1 drivers
v0000020bb5d608b0_0 .net *"_ivl_92", 0 0, L_0000020bb5d67880;  1 drivers
v0000020bb5d60630_0 .net/s "a", 15 0, o0000020bb5d07658;  0 drivers
v0000020bb5d5f9b0_0 .net/s "b", 15 0, o0000020bb5d07688;  0 drivers
v0000020bb5d601d0_0 .net "ci", 0 0, o0000020bb5d076b8;  0 drivers
v0000020bb5d5f870_0 .net "co", 0 0, L_0000020bb5d66b60;  1 drivers
v0000020bb5d5faf0_0 .net/s "s", 15 0, L_0000020bb5d67340;  1 drivers
L_0000020bb5d60450 .part L_0000020bb5d66d90, 0, 1;
L_0000020bb5d612b0 .part L_0000020bb5d67810, 0, 1;
L_0000020bb5d60bd0 .part L_0000020bb5d641d0, 0, 1;
L_0000020bb5d5fa50 .part L_0000020bb5d66d90, 1, 1;
L_0000020bb5d60310 .part L_0000020bb5d67810, 1, 1;
L_0000020bb5d606d0 .part L_0000020bb5d641d0, 1, 1;
L_0000020bb5d609f0 .part L_0000020bb5d66d90, 2, 1;
L_0000020bb5d5fe10 .part L_0000020bb5d67810, 2, 1;
L_0000020bb5d5f550 .part L_0000020bb5d641d0, 2, 1;
L_0000020bb5d60770 .part L_0000020bb5d66d90, 3, 1;
L_0000020bb5d5fcd0 .part L_0000020bb5d67810, 3, 1;
L_0000020bb5d5fb90 .part L_0000020bb5d641d0, 3, 1;
L_0000020bb5d5fd70 .part L_0000020bb5d66d90, 4, 1;
L_0000020bb5d5fff0 .part L_0000020bb5d67810, 4, 1;
L_0000020bb5d60a90 .part L_0000020bb5d641d0, 4, 1;
L_0000020bb5d60810 .part L_0000020bb5d66d90, 5, 1;
L_0000020bb5d5f5f0 .part L_0000020bb5d67810, 5, 1;
L_0000020bb5d5f690 .part L_0000020bb5d641d0, 5, 1;
L_0000020bb5d646d0 .part L_0000020bb5d66d90, 6, 1;
L_0000020bb5d64270 .part L_0000020bb5d67810, 6, 1;
L_0000020bb5d64c70 .part L_0000020bb5d641d0, 6, 1;
L_0000020bb5d64130 .part L_0000020bb5d66d90, 7, 1;
L_0000020bb5d64630 .part L_0000020bb5d67810, 7, 1;
L_0000020bb5d64310 .part L_0000020bb5d641d0, 7, 1;
L_0000020bb5d63e10 .part L_0000020bb5d66d90, 8, 1;
L_0000020bb5d63410 .part L_0000020bb5d67810, 8, 1;
L_0000020bb5d634b0 .part L_0000020bb5d641d0, 8, 1;
L_0000020bb5d639b0 .part L_0000020bb5d66d90, 9, 1;
L_0000020bb5d64810 .part L_0000020bb5d67810, 9, 1;
L_0000020bb5d64770 .part L_0000020bb5d641d0, 9, 1;
L_0000020bb5d63230 .part L_0000020bb5d66d90, 10, 1;
L_0000020bb5d64a90 .part L_0000020bb5d67810, 10, 1;
L_0000020bb5d648b0 .part L_0000020bb5d641d0, 10, 1;
L_0000020bb5d64950 .part L_0000020bb5d66d90, 11, 1;
L_0000020bb5d63870 .part L_0000020bb5d67810, 11, 1;
L_0000020bb5d64b30 .part L_0000020bb5d641d0, 11, 1;
L_0000020bb5d64450 .part L_0000020bb5d66d90, 12, 1;
L_0000020bb5d63ff0 .part L_0000020bb5d67810, 12, 1;
L_0000020bb5d635f0 .part L_0000020bb5d641d0, 12, 1;
L_0000020bb5d632d0 .part L_0000020bb5d66d90, 13, 1;
L_0000020bb5d63690 .part L_0000020bb5d67810, 13, 1;
L_0000020bb5d64bd0 .part L_0000020bb5d641d0, 13, 1;
L_0000020bb5d63f50 .part L_0000020bb5d66d90, 14, 1;
L_0000020bb5d643b0 .part L_0000020bb5d67810, 14, 1;
L_0000020bb5d63910 .part L_0000020bb5d641d0, 14, 1;
LS_0000020bb5d641d0_0_0 .concat8 [ 1 1 1 1], L_0000020bb5d66a80, L_0000020bb5d00d80, L_0000020bb5d01560, L_0000020bb5d013a0;
LS_0000020bb5d641d0_0_4 .concat8 [ 1 1 1 1], L_0000020bb5d011e0, L_0000020bb5d00e60, L_0000020bb5d01870, L_0000020bb5d019c0;
LS_0000020bb5d641d0_0_8 .concat8 [ 1 1 1 1], L_0000020bb5d015d0, L_0000020bb5d01a30, L_0000020bb5d01640, L_0000020bb5d01410;
LS_0000020bb5d641d0_0_12 .concat8 [ 1 1 1 1], L_0000020bb5d016b0, L_0000020bb5d01720, L_0000020bb5d01020, L_0000020bb5d66f50;
L_0000020bb5d641d0 .concat8 [ 4 4 4 4], LS_0000020bb5d641d0_0_0, LS_0000020bb5d641d0_0_4, LS_0000020bb5d641d0_0_8, LS_0000020bb5d641d0_0_12;
L_0000020bb5d644f0 .part L_0000020bb5d66d90, 15, 1;
L_0000020bb5d64590 .part L_0000020bb5d67810, 15, 1;
L_0000020bb5d64090 .part L_0000020bb5d641d0, 15, 1;
S_0000020bb5cc2f40 .scope generate, "genblk1[1]" "genblk1[1]" 2 20, 2 20 0, S_0000020bb5cc2db0;
 .timescale 0 0;
P_0000020bb5cfe9b0 .param/l "i" 0 2 20, +C4<01>;
L_0000020bb5d00fb0 .functor AND 1, L_0000020bb5d612b0, L_0000020bb5d60bd0, C4<1>, C4<1>;
L_0000020bb5d00d80 .functor OR 1, L_0000020bb5d60450, L_0000020bb5d00fb0, C4<0>, C4<0>;
v0000020bb5cf8400_0 .net *"_ivl_0", 0 0, L_0000020bb5d60450;  1 drivers
v0000020bb5cf8c20_0 .net *"_ivl_1", 0 0, L_0000020bb5d612b0;  1 drivers
v0000020bb5ceda50_0 .net *"_ivl_2", 0 0, L_0000020bb5d60bd0;  1 drivers
v0000020bb5cee1d0_0 .net *"_ivl_3", 0 0, L_0000020bb5d00fb0;  1 drivers
v0000020bb5cedb90_0 .net *"_ivl_5", 0 0, L_0000020bb5d00d80;  1 drivers
S_0000020bb5d5bfb0 .scope generate, "genblk1[2]" "genblk1[2]" 2 20, 2 20 0, S_0000020bb5cc2db0;
 .timescale 0 0;
P_0000020bb5cfe570 .param/l "i" 0 2 20, +C4<010>;
L_0000020bb5d01950 .functor AND 1, L_0000020bb5d60310, L_0000020bb5d606d0, C4<1>, C4<1>;
L_0000020bb5d01560 .functor OR 1, L_0000020bb5d5fa50, L_0000020bb5d01950, C4<0>, C4<0>;
v0000020bb5cee270_0 .net *"_ivl_0", 0 0, L_0000020bb5d5fa50;  1 drivers
v0000020bb5d5d130_0 .net *"_ivl_1", 0 0, L_0000020bb5d60310;  1 drivers
v0000020bb5d5c190_0 .net *"_ivl_2", 0 0, L_0000020bb5d606d0;  1 drivers
v0000020bb5d5d630_0 .net *"_ivl_3", 0 0, L_0000020bb5d01950;  1 drivers
v0000020bb5d5dc70_0 .net *"_ivl_5", 0 0, L_0000020bb5d01560;  1 drivers
S_0000020bb5d5e150 .scope generate, "genblk1[3]" "genblk1[3]" 2 20, 2 20 0, S_0000020bb5cc2db0;
 .timescale 0 0;
P_0000020bb5cfe5b0 .param/l "i" 0 2 20, +C4<011>;
L_0000020bb5d01100 .functor AND 1, L_0000020bb5d5fe10, L_0000020bb5d5f550, C4<1>, C4<1>;
L_0000020bb5d013a0 .functor OR 1, L_0000020bb5d609f0, L_0000020bb5d01100, C4<0>, C4<0>;
v0000020bb5d5d810_0 .net *"_ivl_0", 0 0, L_0000020bb5d609f0;  1 drivers
v0000020bb5d5d770_0 .net *"_ivl_1", 0 0, L_0000020bb5d5fe10;  1 drivers
v0000020bb5d5d6d0_0 .net *"_ivl_2", 0 0, L_0000020bb5d5f550;  1 drivers
v0000020bb5d5caf0_0 .net *"_ivl_3", 0 0, L_0000020bb5d01100;  1 drivers
v0000020bb5d5cff0_0 .net *"_ivl_5", 0 0, L_0000020bb5d013a0;  1 drivers
S_0000020bb5d5e2e0 .scope generate, "genblk1[4]" "genblk1[4]" 2 20, 2 20 0, S_0000020bb5cc2db0;
 .timescale 0 0;
P_0000020bb5cfe5f0 .param/l "i" 0 2 20, +C4<0100>;
L_0000020bb5d01790 .functor AND 1, L_0000020bb5d5fcd0, L_0000020bb5d5fb90, C4<1>, C4<1>;
L_0000020bb5d011e0 .functor OR 1, L_0000020bb5d60770, L_0000020bb5d01790, C4<0>, C4<0>;
v0000020bb5d5de50_0 .net *"_ivl_0", 0 0, L_0000020bb5d60770;  1 drivers
v0000020bb5d5dbd0_0 .net *"_ivl_1", 0 0, L_0000020bb5d5fcd0;  1 drivers
v0000020bb5d5c230_0 .net *"_ivl_2", 0 0, L_0000020bb5d5fb90;  1 drivers
v0000020bb5d5d4f0_0 .net *"_ivl_3", 0 0, L_0000020bb5d01790;  1 drivers
v0000020bb5d5d270_0 .net *"_ivl_5", 0 0, L_0000020bb5d011e0;  1 drivers
S_0000020bb5d5e470 .scope generate, "genblk1[5]" "genblk1[5]" 2 20, 2 20 0, S_0000020bb5cc2db0;
 .timescale 0 0;
P_0000020bb5cfdcf0 .param/l "i" 0 2 20, +C4<0101>;
L_0000020bb5d00df0 .functor AND 1, L_0000020bb5d5fff0, L_0000020bb5d60a90, C4<1>, C4<1>;
L_0000020bb5d00e60 .functor OR 1, L_0000020bb5d5fd70, L_0000020bb5d00df0, C4<0>, C4<0>;
v0000020bb5d5dd10_0 .net *"_ivl_0", 0 0, L_0000020bb5d5fd70;  1 drivers
v0000020bb5d5c2d0_0 .net *"_ivl_1", 0 0, L_0000020bb5d5fff0;  1 drivers
v0000020bb5d5c370_0 .net *"_ivl_2", 0 0, L_0000020bb5d60a90;  1 drivers
v0000020bb5d5d8b0_0 .net *"_ivl_3", 0 0, L_0000020bb5d00df0;  1 drivers
v0000020bb5d5d950_0 .net *"_ivl_5", 0 0, L_0000020bb5d00e60;  1 drivers
S_0000020bb5d5e600 .scope generate, "genblk1[6]" "genblk1[6]" 2 20, 2 20 0, S_0000020bb5cc2db0;
 .timescale 0 0;
P_0000020bb5cfe9f0 .param/l "i" 0 2 20, +C4<0110>;
L_0000020bb5d01800 .functor AND 1, L_0000020bb5d5f5f0, L_0000020bb5d5f690, C4<1>, C4<1>;
L_0000020bb5d01870 .functor OR 1, L_0000020bb5d60810, L_0000020bb5d01800, C4<0>, C4<0>;
v0000020bb5d5d090_0 .net *"_ivl_0", 0 0, L_0000020bb5d60810;  1 drivers
v0000020bb5d5d590_0 .net *"_ivl_1", 0 0, L_0000020bb5d5f5f0;  1 drivers
v0000020bb5d5c730_0 .net *"_ivl_2", 0 0, L_0000020bb5d5f690;  1 drivers
v0000020bb5d5db30_0 .net *"_ivl_3", 0 0, L_0000020bb5d01800;  1 drivers
v0000020bb5d5da90_0 .net *"_ivl_5", 0 0, L_0000020bb5d01870;  1 drivers
S_0000020bb5d5eba0 .scope generate, "genblk1[7]" "genblk1[7]" 2 20, 2 20 0, S_0000020bb5cc2db0;
 .timescale 0 0;
P_0000020bb5cfeab0 .param/l "i" 0 2 20, +C4<0111>;
L_0000020bb5d00f40 .functor AND 1, L_0000020bb5d64270, L_0000020bb5d64c70, C4<1>, C4<1>;
L_0000020bb5d019c0 .functor OR 1, L_0000020bb5d646d0, L_0000020bb5d00f40, C4<0>, C4<0>;
v0000020bb5d5d1d0_0 .net *"_ivl_0", 0 0, L_0000020bb5d646d0;  1 drivers
v0000020bb5d5c410_0 .net *"_ivl_1", 0 0, L_0000020bb5d64270;  1 drivers
v0000020bb5d5c4b0_0 .net *"_ivl_2", 0 0, L_0000020bb5d64c70;  1 drivers
v0000020bb5d5d9f0_0 .net *"_ivl_3", 0 0, L_0000020bb5d00f40;  1 drivers
v0000020bb5d5d310_0 .net *"_ivl_5", 0 0, L_0000020bb5d019c0;  1 drivers
S_0000020bb5d5ed30 .scope generate, "genblk1[8]" "genblk1[8]" 2 20, 2 20 0, S_0000020bb5cc2db0;
 .timescale 0 0;
P_0000020bb5cfeb30 .param/l "i" 0 2 20, +C4<01000>;
L_0000020bb5d01330 .functor AND 1, L_0000020bb5d64630, L_0000020bb5d64310, C4<1>, C4<1>;
L_0000020bb5d015d0 .functor OR 1, L_0000020bb5d64130, L_0000020bb5d01330, C4<0>, C4<0>;
v0000020bb5d5c7d0_0 .net *"_ivl_0", 0 0, L_0000020bb5d64130;  1 drivers
v0000020bb5d5c550_0 .net *"_ivl_1", 0 0, L_0000020bb5d64630;  1 drivers
v0000020bb5d5c5f0_0 .net *"_ivl_2", 0 0, L_0000020bb5d64310;  1 drivers
v0000020bb5d5c690_0 .net *"_ivl_3", 0 0, L_0000020bb5d01330;  1 drivers
v0000020bb5d5d3b0_0 .net *"_ivl_5", 0 0, L_0000020bb5d015d0;  1 drivers
S_0000020bb5d5eec0 .scope generate, "genblk1[9]" "genblk1[9]" 2 20, 2 20 0, S_0000020bb5cc2db0;
 .timescale 0 0;
P_0000020bb5cfeb70 .param/l "i" 0 2 20, +C4<01001>;
L_0000020bb5d01b80 .functor AND 1, L_0000020bb5d63410, L_0000020bb5d634b0, C4<1>, C4<1>;
L_0000020bb5d01a30 .functor OR 1, L_0000020bb5d63e10, L_0000020bb5d01b80, C4<0>, C4<0>;
v0000020bb5d5ddb0_0 .net *"_ivl_0", 0 0, L_0000020bb5d63e10;  1 drivers
v0000020bb5d5c9b0_0 .net *"_ivl_1", 0 0, L_0000020bb5d63410;  1 drivers
v0000020bb5d5cf50_0 .net *"_ivl_2", 0 0, L_0000020bb5d634b0;  1 drivers
v0000020bb5d5c870_0 .net *"_ivl_3", 0 0, L_0000020bb5d01b80;  1 drivers
v0000020bb5d5def0_0 .net *"_ivl_5", 0 0, L_0000020bb5d01a30;  1 drivers
S_0000020bb5d5f050 .scope generate, "genblk1[10]" "genblk1[10]" 2 20, 2 20 0, S_0000020bb5cc2db0;
 .timescale 0 0;
P_0000020bb5cfdd30 .param/l "i" 0 2 20, +C4<01010>;
L_0000020bb5d01b10 .functor AND 1, L_0000020bb5d64810, L_0000020bb5d64770, C4<1>, C4<1>;
L_0000020bb5d01640 .functor OR 1, L_0000020bb5d639b0, L_0000020bb5d01b10, C4<0>, C4<0>;
v0000020bb5d5cc30_0 .net *"_ivl_0", 0 0, L_0000020bb5d639b0;  1 drivers
v0000020bb5d5ccd0_0 .net *"_ivl_1", 0 0, L_0000020bb5d64810;  1 drivers
v0000020bb5d5df90_0 .net *"_ivl_2", 0 0, L_0000020bb5d64770;  1 drivers
v0000020bb5d5e030_0 .net *"_ivl_3", 0 0, L_0000020bb5d01b10;  1 drivers
v0000020bb5d5c910_0 .net *"_ivl_5", 0 0, L_0000020bb5d01640;  1 drivers
S_0000020bb5d5f1e0 .scope generate, "genblk1[11]" "genblk1[11]" 2 20, 2 20 0, S_0000020bb5cc2db0;
 .timescale 0 0;
P_0000020bb5cfdd70 .param/l "i" 0 2 20, +C4<01011>;
L_0000020bb5d00ed0 .functor AND 1, L_0000020bb5d64a90, L_0000020bb5d648b0, C4<1>, C4<1>;
L_0000020bb5d01410 .functor OR 1, L_0000020bb5d63230, L_0000020bb5d00ed0, C4<0>, C4<0>;
v0000020bb5d5ca50_0 .net *"_ivl_0", 0 0, L_0000020bb5d63230;  1 drivers
v0000020bb5d5cb90_0 .net *"_ivl_1", 0 0, L_0000020bb5d64a90;  1 drivers
v0000020bb5d5cd70_0 .net *"_ivl_2", 0 0, L_0000020bb5d648b0;  1 drivers
v0000020bb5d5ce10_0 .net *"_ivl_3", 0 0, L_0000020bb5d00ed0;  1 drivers
v0000020bb5d5d450_0 .net *"_ivl_5", 0 0, L_0000020bb5d01410;  1 drivers
S_0000020bb5d5f370 .scope generate, "genblk1[12]" "genblk1[12]" 2 20, 2 20 0, S_0000020bb5cc2db0;
 .timescale 0 0;
P_0000020bb5cf5040 .param/l "i" 0 2 20, +C4<01100>;
L_0000020bb5d01250 .functor AND 1, L_0000020bb5d63870, L_0000020bb5d64b30, C4<1>, C4<1>;
L_0000020bb5d016b0 .functor OR 1, L_0000020bb5d64950, L_0000020bb5d01250, C4<0>, C4<0>;
v0000020bb5d5ceb0_0 .net *"_ivl_0", 0 0, L_0000020bb5d64950;  1 drivers
v0000020bb5d60270_0 .net *"_ivl_1", 0 0, L_0000020bb5d63870;  1 drivers
v0000020bb5d60d10_0 .net *"_ivl_2", 0 0, L_0000020bb5d64b30;  1 drivers
v0000020bb5d60090_0 .net *"_ivl_3", 0 0, L_0000020bb5d01250;  1 drivers
v0000020bb5d60130_0 .net *"_ivl_5", 0 0, L_0000020bb5d016b0;  1 drivers
S_0000020bb5d61910 .scope generate, "genblk1[13]" "genblk1[13]" 2 20, 2 20 0, S_0000020bb5cc2db0;
 .timescale 0 0;
P_0000020bb5cf5440 .param/l "i" 0 2 20, +C4<01101>;
L_0000020bb5d012c0 .functor AND 1, L_0000020bb5d63ff0, L_0000020bb5d635f0, C4<1>, C4<1>;
L_0000020bb5d01720 .functor OR 1, L_0000020bb5d64450, L_0000020bb5d012c0, C4<0>, C4<0>;
v0000020bb5d60e50_0 .net *"_ivl_0", 0 0, L_0000020bb5d64450;  1 drivers
v0000020bb5d604f0_0 .net *"_ivl_1", 0 0, L_0000020bb5d63ff0;  1 drivers
v0000020bb5d5f910_0 .net *"_ivl_2", 0 0, L_0000020bb5d635f0;  1 drivers
v0000020bb5d60db0_0 .net *"_ivl_3", 0 0, L_0000020bb5d012c0;  1 drivers
v0000020bb5d60f90_0 .net *"_ivl_5", 0 0, L_0000020bb5d01720;  1 drivers
S_0000020bb5d62ab0 .scope generate, "genblk1[14]" "genblk1[14]" 2 20, 2 20 0, S_0000020bb5cc2db0;
 .timescale 0 0;
P_0000020bb5cf5400 .param/l "i" 0 2 20, +C4<01110>;
L_0000020bb5d014f0 .functor AND 1, L_0000020bb5d63690, L_0000020bb5d64bd0, C4<1>, C4<1>;
L_0000020bb5d01020 .functor OR 1, L_0000020bb5d632d0, L_0000020bb5d014f0, C4<0>, C4<0>;
v0000020bb5d5feb0_0 .net *"_ivl_0", 0 0, L_0000020bb5d632d0;  1 drivers
v0000020bb5d5f730_0 .net *"_ivl_1", 0 0, L_0000020bb5d63690;  1 drivers
v0000020bb5d60950_0 .net *"_ivl_2", 0 0, L_0000020bb5d64bd0;  1 drivers
v0000020bb5d5fc30_0 .net *"_ivl_3", 0 0, L_0000020bb5d014f0;  1 drivers
v0000020bb5d613f0_0 .net *"_ivl_5", 0 0, L_0000020bb5d01020;  1 drivers
S_0000020bb5d63050 .scope generate, "genblk1[15]" "genblk1[15]" 2 20, 2 20 0, S_0000020bb5cc2db0;
 .timescale 0 0;
P_0000020bb5cf50c0 .param/l "i" 0 2 20, +C4<01111>;
L_0000020bb5d66ee0 .functor AND 1, L_0000020bb5d643b0, L_0000020bb5d63910, C4<1>, C4<1>;
L_0000020bb5d66f50 .functor OR 1, L_0000020bb5d63f50, L_0000020bb5d66ee0, C4<0>, C4<0>;
v0000020bb5d60b30_0 .net *"_ivl_0", 0 0, L_0000020bb5d63f50;  1 drivers
v0000020bb5d61030_0 .net *"_ivl_1", 0 0, L_0000020bb5d643b0;  1 drivers
v0000020bb5d60c70_0 .net *"_ivl_2", 0 0, L_0000020bb5d63910;  1 drivers
v0000020bb5d60590_0 .net *"_ivl_3", 0 0, L_0000020bb5d66ee0;  1 drivers
v0000020bb5d60ef0_0 .net *"_ivl_5", 0 0, L_0000020bb5d66f50;  1 drivers
# The file index is used to find the file name in the following table.
:file_names 3;
    "N/A";
    "<interactive>";
    "s_cla.v";
