#! /c/Source/iverilog-install/bin/vvp
:ivl_version "12.0 (devel)" "(s20150603-1539-g2693dd32b)";
:ivl_delay_selection "TYPICAL";
:vpi_time_precision - 12;
:vpi_module "D:\iverilog\lib\ivl\system.vpi";
:vpi_module "D:\iverilog\lib\ivl\vhdl_sys.vpi";
:vpi_module "D:\iverilog\lib\ivl\vhdl_textio.vpi";
:vpi_module "D:\iverilog\lib\ivl\v2005_math.vpi";
:vpi_module "D:\iverilog\lib\ivl\va_math.vpi";
S_0000015a78c08eb0 .scope module, "tb_se_cla" "tb_se_cla" 2 3;
 .timescale -9 -12;
v0000015a78c68bb0_0 .var/s "a", 19 0;
v0000015a78c68c50_0 .var/s "b", 35 0;
v0000015a78c68f70_0 .net/s "s", 35 0, L_0000015a78c6cc80;  1 drivers
S_0000015a78be8600 .scope task, "print_result" "print_result" 2 60, 2 60 0, S_0000015a78c08eb0;
 .timescale -9 -12;
TD_tb_se_cla.print_result ;
    %load/vec4 v0000015a78c68bb0_0;
    %load/vec4 v0000015a78c68c50_0;
    %load/vec4 v0000015a78c68f70_0;
    %vpi_call 2 62 "$display", "Time=%0t | a=%d | b=%d | s=%d", $time, S<2,vec4,s20>, S<1,vec4,s36>, S<0,vec4,s36> {3 0 0};
    %end;
S_0000015a78be8790 .scope module, "uut" "se_cla" 2 13, 2 69 0, S_0000015a78c08eb0;
 .timescale -9 -12;
    .port_info 0 /INPUT 20 "a";
    .port_info 1 /INPUT 36 "b";
    .port_info 2 /OUTPUT 36 "s";
v0000015a78c6a7d0_0 .net *"_ivl_1", 0 0, L_0000015a78c6c960;  1 drivers
v0000015a78c68a70_0 .net *"_ivl_13", 19 0, L_0000015a78c6cbe0;  1 drivers
v0000015a78c69790_0 .net "a", 19 0, v0000015a78c68bb0_0;  1 drivers
v0000015a78c68b10_0 .net "b", 35 0, v0000015a78c68c50_0;  1 drivers
v0000015a78c69150_0 .net "s", 35 0, L_0000015a78c6cc80;  alias, 1 drivers
v0000015a78c69fb0_0 .net "s1", 15 0, L_0000015a78c72300;  1 drivers
v0000015a78c69c90_0 .net "sm", 20 0, v0000015a78bf7590_0;  1 drivers
L_0000015a78c6c960 .part v0000015a78c68bb0_0, 19, 1;
LS_0000015a78c6e6c0_0_0 .concat [ 1 1 1 1], L_0000015a78c6c960, L_0000015a78c6c960, L_0000015a78c6c960, L_0000015a78c6c960;
LS_0000015a78c6e6c0_0_4 .concat [ 1 1 1 1], L_0000015a78c6c960, L_0000015a78c6c960, L_0000015a78c6c960, L_0000015a78c6c960;
LS_0000015a78c6e6c0_0_8 .concat [ 1 1 1 1], L_0000015a78c6c960, L_0000015a78c6c960, L_0000015a78c6c960, L_0000015a78c6c960;
LS_0000015a78c6e6c0_0_12 .concat [ 1 1 1 1], L_0000015a78c6c960, L_0000015a78c6c960, L_0000015a78c6c960, L_0000015a78c6c960;
L_0000015a78c6e6c0 .concat [ 4 4 4 4], LS_0000015a78c6e6c0_0_0, LS_0000015a78c6e6c0_0_4, LS_0000015a78c6e6c0_0_8, LS_0000015a78c6e6c0_0_12;
L_0000015a78c6df40 .part v0000015a78c68c50_0, 20, 16;
L_0000015a78c6dfe0 .part v0000015a78bf7590_0, 20, 1;
L_0000015a78c6cb40 .part v0000015a78c68c50_0, 0, 20;
L_0000015a78c6cbe0 .part v0000015a78bf7590_0, 0, 20;
L_0000015a78c6cc80 .concat [ 20 16 0 0], L_0000015a78c6cbe0, L_0000015a78c72300;
S_0000015a78bef5e0 .scope module, "a1" "add" 2 85, 2 95 0, S_0000015a78be8790;
 .timescale -9 -12;
    .port_info 0 /INPUT 20 "a";
    .port_info 1 /INPUT 20 "b";
    .port_info 2 /INPUT 1 "sus";
    .port_info 3 /OUTPUT 21 "s";
P_0000015a78c0acf0 .param/l "width" 0 2 95, +C4<00000000000000000000000000010100>;
v0000015a78bf6a50_0 .net "a", 19 0, v0000015a78c68bb0_0;  alias, 1 drivers
v0000015a78bf6af0_0 .net "b", 19 0, L_0000015a78c6cb40;  1 drivers
v0000015a78bf7590_0 .var "s", 20 0;
L_0000015a78fe0088 .functor BUFT 1, C4<0>, C4<0>, C4<0>, C4<0>;
v0000015a78bf60f0_0 .net "sus", 0 0, L_0000015a78fe0088;  1 drivers
E_0000015a78c0a8b0 .event anyedge, v0000015a78bf60f0_0, v0000015a78bf6a50_0, v0000015a78bf6af0_0;
S_0000015a78bef770 .scope module, "scla1" "s_cla" 2 79, 2 113 0, S_0000015a78be8790;
 .timescale -9 -12;
    .port_info 0 /INPUT 16 "a";
    .port_info 1 /INPUT 16 "b";
    .port_info 2 /INPUT 1 "ci";
    .port_info 3 /OUTPUT 16 "s";
    .port_info 4 /OUTPUT 1 "co";
L_0000015a78c71dc0 .functor AND 16, L_0000015a78c6e6c0, L_0000015a78c6df40, C4<1111111111111111>, C4<1111111111111111>;
L_0000015a78c724c0 .functor XOR 16, L_0000015a78c6e6c0, L_0000015a78c6df40, C4<0000000000000000>, C4<0000000000000000>;
L_0000015a78c72610 .functor BUFZ 1, L_0000015a78c6dfe0, C4<0>, C4<0>, C4<0>;
L_0000015a78c72300 .functor XOR 16, L_0000015a78c724c0, L_0000015a78c6d860, C4<0000000000000000>, C4<0000000000000000>;
L_0000015a78c727d0 .functor AND 1, L_0000015a78c6da40, L_0000015a78c6dcc0, C4<1>, C4<1>;
L_0000015a78c721b0 .functor OR 1, L_0000015a78c6ca00, L_0000015a78c727d0, C4<0>, C4<0>;
v0000015a78c68d90_0 .net "C", 15 0, L_0000015a78c6d860;  1 drivers
v0000015a78c69010_0 .net "G", 15 0, L_0000015a78c71dc0;  1 drivers
v0000015a78c6a230_0 .net "P", 15 0, L_0000015a78c724c0;  1 drivers
v0000015a78c693d0_0 .net *"_ivl_83", 0 0, L_0000015a78c72610;  1 drivers
v0000015a78c6a370_0 .net *"_ivl_87", 0 0, L_0000015a78c6ca00;  1 drivers
v0000015a78c6a690_0 .net *"_ivl_89", 0 0, L_0000015a78c6da40;  1 drivers
v0000015a78c69f10_0 .net *"_ivl_91", 0 0, L_0000015a78c6dcc0;  1 drivers
v0000015a78c69290_0 .net *"_ivl_92", 0 0, L_0000015a78c727d0;  1 drivers
v0000015a78c68ed0_0 .net/s "a", 15 0, L_0000015a78c6e6c0;  1 drivers
v0000015a78c68cf0_0 .net/s "b", 15 0, L_0000015a78c6df40;  1 drivers
v0000015a78c689d0_0 .net "ci", 0 0, L_0000015a78c6dfe0;  1 drivers
v0000015a78c69a10_0 .net "co", 0 0, L_0000015a78c721b0;  1 drivers
v0000015a78c68930_0 .net/s "s", 15 0, L_0000015a78c72300;  alias, 1 drivers
L_0000015a78c690b0 .part L_0000015a78c71dc0, 0, 1;
L_0000015a78c69470 .part L_0000015a78c724c0, 0, 1;
L_0000015a78c69510 .part L_0000015a78c6d860, 0, 1;
L_0000015a78c695b0 .part L_0000015a78c71dc0, 1, 1;
L_0000015a78c69650 .part L_0000015a78c724c0, 1, 1;
L_0000015a78c696f0 .part L_0000015a78c6d860, 1, 1;
L_0000015a78c69830 .part L_0000015a78c71dc0, 2, 1;
L_0000015a78c698d0 .part L_0000015a78c724c0, 2, 1;
L_0000015a78c69970 .part L_0000015a78c6d860, 2, 1;
L_0000015a78c6cfa0 .part L_0000015a78c71dc0, 3, 1;
L_0000015a78c6e3a0 .part L_0000015a78c724c0, 3, 1;
L_0000015a78c6dd60 .part L_0000015a78c6d860, 3, 1;
L_0000015a78c6db80 .part L_0000015a78c71dc0, 4, 1;
L_0000015a78c6e4e0 .part L_0000015a78c724c0, 4, 1;
L_0000015a78c6e300 .part L_0000015a78c6d860, 4, 1;
L_0000015a78c6d040 .part L_0000015a78c71dc0, 5, 1;
L_0000015a78c6e580 .part L_0000015a78c724c0, 5, 1;
L_0000015a78c6d360 .part L_0000015a78c6d860, 5, 1;
L_0000015a78c6d9a0 .part L_0000015a78c71dc0, 6, 1;
L_0000015a78c6dc20 .part L_0000015a78c724c0, 6, 1;
L_0000015a78c6d7c0 .part L_0000015a78c6d860, 6, 1;
L_0000015a78c6d5e0 .part L_0000015a78c71dc0, 7, 1;
L_0000015a78c6d540 .part L_0000015a78c724c0, 7, 1;
L_0000015a78c6cf00 .part L_0000015a78c6d860, 7, 1;
L_0000015a78c6caa0 .part L_0000015a78c71dc0, 8, 1;
L_0000015a78c6de00 .part L_0000015a78c724c0, 8, 1;
L_0000015a78c6d0e0 .part L_0000015a78c6d860, 8, 1;
L_0000015a78c6d400 .part L_0000015a78c71dc0, 9, 1;
L_0000015a78c6d720 .part L_0000015a78c724c0, 9, 1;
L_0000015a78c6e440 .part L_0000015a78c6d860, 9, 1;
L_0000015a78c6dea0 .part L_0000015a78c71dc0, 10, 1;
L_0000015a78c6dae0 .part L_0000015a78c724c0, 10, 1;
L_0000015a78c6cdc0 .part L_0000015a78c6d860, 10, 1;
L_0000015a78c6e760 .part L_0000015a78c71dc0, 11, 1;
L_0000015a78c6d4a0 .part L_0000015a78c724c0, 11, 1;
L_0000015a78c6e1c0 .part L_0000015a78c6d860, 11, 1;
L_0000015a78c6ce60 .part L_0000015a78c71dc0, 12, 1;
L_0000015a78c6d180 .part L_0000015a78c724c0, 12, 1;
L_0000015a78c6e120 .part L_0000015a78c6d860, 12, 1;
L_0000015a78c6e260 .part L_0000015a78c71dc0, 13, 1;
L_0000015a78c6e080 .part L_0000015a78c724c0, 13, 1;
L_0000015a78c6e800 .part L_0000015a78c6d860, 13, 1;
L_0000015a78c6e620 .part L_0000015a78c71dc0, 14, 1;
L_0000015a78c6d900 .part L_0000015a78c724c0, 14, 1;
L_0000015a78c6d680 .part L_0000015a78c6d860, 14, 1;
LS_0000015a78c6d860_0_0 .concat8 [ 1 1 1 1], L_0000015a78c72610, L_0000015a78c05620, L_0000015a78c052a0, L_0000015a78c05460;
LS_0000015a78c6d860_0_4 .concat8 [ 1 1 1 1], L_0000015a78c05690, L_0000015a78c05700, L_0000015a78c04cf0, L_0000015a78c04d60;
LS_0000015a78c6d860_0_8 .concat8 [ 1 1 1 1], L_0000015a78c04900, L_0000015a78c04eb0, L_0000015a78c04c10, L_0000015a78c04e40;
LS_0000015a78c6d860_0_12 .concat8 [ 1 1 1 1], L_0000015a78c04a50, L_0000015a78c04dd0, L_0000015a78c05000, L_0000015a78c725a0;
L_0000015a78c6d860 .concat8 [ 4 4 4 4], LS_0000015a78c6d860_0_0, LS_0000015a78c6d860_0_4, LS_0000015a78c6d860_0_8, LS_0000015a78c6d860_0_12;
L_0000015a78c6ca00 .part L_0000015a78c71dc0, 15, 1;
L_0000015a78c6da40 .part L_0000015a78c724c0, 15, 1;
L_0000015a78c6dcc0 .part L_0000015a78c6d860, 15, 1;
S_0000015a78bed490 .scope generate, "genblk1[1]" "genblk1[1]" 2 132, 2 132 0, S_0000015a78bef770;
 .timescale -9 -12;
P_0000015a78c0adf0 .param/l "i" 0 2 132, +C4<01>;
L_0000015a78c05310 .functor AND 1, L_0000015a78c69470, L_0000015a78c69510, C4<1>, C4<1>;
L_0000015a78c05620 .functor OR 1, L_0000015a78c690b0, L_0000015a78c05310, C4<0>, C4<0>;
v0000015a78bf76d0_0 .net *"_ivl_0", 0 0, L_0000015a78c690b0;  1 drivers
v0000015a78bf7810_0 .net *"_ivl_1", 0 0, L_0000015a78c69470;  1 drivers
v0000015a78be0910_0 .net *"_ivl_2", 0 0, L_0000015a78c69510;  1 drivers
v0000015a78be09b0_0 .net *"_ivl_3", 0 0, L_0000015a78c05310;  1 drivers
v0000015a78be0a50_0 .net *"_ivl_5", 0 0, L_0000015a78c05620;  1 drivers
S_0000015a78bed620 .scope generate, "genblk1[2]" "genblk1[2]" 2 132, 2 132 0, S_0000015a78bef770;
 .timescale -9 -12;
P_0000015a78c0a6b0 .param/l "i" 0 2 132, +C4<010>;
L_0000015a78c05380 .functor AND 1, L_0000015a78c69650, L_0000015a78c696f0, C4<1>, C4<1>;
L_0000015a78c052a0 .functor OR 1, L_0000015a78c695b0, L_0000015a78c05380, C4<0>, C4<0>;
v0000015a78be02d0_0 .net *"_ivl_0", 0 0, L_0000015a78c695b0;  1 drivers
v0000015a78c02580_0 .net *"_ivl_1", 0 0, L_0000015a78c69650;  1 drivers
v0000015a78c65590_0 .net *"_ivl_2", 0 0, L_0000015a78c696f0;  1 drivers
v0000015a78c65450_0 .net *"_ivl_3", 0 0, L_0000015a78c05380;  1 drivers
v0000015a78c65130_0 .net *"_ivl_5", 0 0, L_0000015a78c052a0;  1 drivers
S_0000015a78bb2ca0 .scope generate, "genblk1[3]" "genblk1[3]" 2 132, 2 132 0, S_0000015a78bef770;
 .timescale -9 -12;
P_0000015a78c0abf0 .param/l "i" 0 2 132, +C4<011>;
L_0000015a78c04c80 .functor AND 1, L_0000015a78c698d0, L_0000015a78c69970, C4<1>, C4<1>;
L_0000015a78c05460 .functor OR 1, L_0000015a78c69830, L_0000015a78c04c80, C4<0>, C4<0>;
v0000015a78c66210_0 .net *"_ivl_0", 0 0, L_0000015a78c69830;  1 drivers
v0000015a78c66990_0 .net *"_ivl_1", 0 0, L_0000015a78c698d0;  1 drivers
v0000015a78c65e50_0 .net *"_ivl_2", 0 0, L_0000015a78c69970;  1 drivers
v0000015a78c65ef0_0 .net *"_ivl_3", 0 0, L_0000015a78c04c80;  1 drivers
v0000015a78c65630_0 .net *"_ivl_5", 0 0, L_0000015a78c05460;  1 drivers
S_0000015a78bb2e30 .scope generate, "genblk1[4]" "genblk1[4]" 2 132, 2 132 0, S_0000015a78bef770;
 .timescale -9 -12;
P_0000015a78c0a770 .param/l "i" 0 2 132, +C4<0100>;
L_0000015a78c04b30 .functor AND 1, L_0000015a78c6e3a0, L_0000015a78c6dd60, C4<1>, C4<1>;
L_0000015a78c05690 .functor OR 1, L_0000015a78c6cfa0, L_0000015a78c04b30, C4<0>, C4<0>;
v0000015a78c66030_0 .net *"_ivl_0", 0 0, L_0000015a78c6cfa0;  1 drivers
v0000015a78c66850_0 .net *"_ivl_1", 0 0, L_0000015a78c6e3a0;  1 drivers
v0000015a78c66170_0 .net *"_ivl_2", 0 0, L_0000015a78c6dd60;  1 drivers
v0000015a78c66b70_0 .net *"_ivl_3", 0 0, L_0000015a78c04b30;  1 drivers
v0000015a78c66490_0 .net *"_ivl_5", 0 0, L_0000015a78c05690;  1 drivers
S_0000015a78c67050 .scope generate, "genblk1[5]" "genblk1[5]" 2 132, 2 132 0, S_0000015a78bef770;
 .timescale -9 -12;
P_0000015a78c0afb0 .param/l "i" 0 2 132, +C4<0101>;
L_0000015a78c050e0 .functor AND 1, L_0000015a78c6e4e0, L_0000015a78c6e300, C4<1>, C4<1>;
L_0000015a78c05700 .functor OR 1, L_0000015a78c6db80, L_0000015a78c050e0, C4<0>, C4<0>;
v0000015a78c65a90_0 .net *"_ivl_0", 0 0, L_0000015a78c6db80;  1 drivers
v0000015a78c668f0_0 .net *"_ivl_1", 0 0, L_0000015a78c6e4e0;  1 drivers
v0000015a78c65950_0 .net *"_ivl_2", 0 0, L_0000015a78c6e300;  1 drivers
v0000015a78c65b30_0 .net *"_ivl_3", 0 0, L_0000015a78c050e0;  1 drivers
v0000015a78c660d0_0 .net *"_ivl_5", 0 0, L_0000015a78c05700;  1 drivers
S_0000015a78c671e0 .scope generate, "genblk1[6]" "genblk1[6]" 2 132, 2 132 0, S_0000015a78bef770;
 .timescale -9 -12;
P_0000015a78c0ad30 .param/l "i" 0 2 132, +C4<0110>;
L_0000015a78c05540 .functor AND 1, L_0000015a78c6e580, L_0000015a78c6d360, C4<1>, C4<1>;
L_0000015a78c04cf0 .functor OR 1, L_0000015a78c6d040, L_0000015a78c05540, C4<0>, C4<0>;
v0000015a78c66a30_0 .net *"_ivl_0", 0 0, L_0000015a78c6d040;  1 drivers
v0000015a78c66710_0 .net *"_ivl_1", 0 0, L_0000015a78c6e580;  1 drivers
v0000015a78c66f30_0 .net *"_ivl_2", 0 0, L_0000015a78c6d360;  1 drivers
v0000015a78c66c10_0 .net *"_ivl_3", 0 0, L_0000015a78c05540;  1 drivers
v0000015a78c65bd0_0 .net *"_ivl_5", 0 0, L_0000015a78c04cf0;  1 drivers
S_0000015a78c67370 .scope generate, "genblk1[7]" "genblk1[7]" 2 132, 2 132 0, S_0000015a78bef770;
 .timescale -9 -12;
P_0000015a78c0a970 .param/l "i" 0 2 132, +C4<0111>;
L_0000015a78c051c0 .functor AND 1, L_0000015a78c6dc20, L_0000015a78c6d7c0, C4<1>, C4<1>;
L_0000015a78c04d60 .functor OR 1, L_0000015a78c6d9a0, L_0000015a78c051c0, C4<0>, C4<0>;
v0000015a78c667b0_0 .net *"_ivl_0", 0 0, L_0000015a78c6d9a0;  1 drivers
v0000015a78c65c70_0 .net *"_ivl_1", 0 0, L_0000015a78c6dc20;  1 drivers
v0000015a78c66ad0_0 .net *"_ivl_2", 0 0, L_0000015a78c6d7c0;  1 drivers
v0000015a78c65d10_0 .net *"_ivl_3", 0 0, L_0000015a78c051c0;  1 drivers
v0000015a78c662b0_0 .net *"_ivl_5", 0 0, L_0000015a78c04d60;  1 drivers
S_0000015a78c67500 .scope generate, "genblk1[8]" "genblk1[8]" 2 132, 2 132 0, S_0000015a78bef770;
 .timescale -9 -12;
P_0000015a78c0a330 .param/l "i" 0 2 132, +C4<01000>;
L_0000015a78c05770 .functor AND 1, L_0000015a78c6d540, L_0000015a78c6cf00, C4<1>, C4<1>;
L_0000015a78c04900 .functor OR 1, L_0000015a78c6d5e0, L_0000015a78c05770, C4<0>, C4<0>;
v0000015a78c659f0_0 .net *"_ivl_0", 0 0, L_0000015a78c6d5e0;  1 drivers
v0000015a78c65f90_0 .net *"_ivl_1", 0 0, L_0000015a78c6d540;  1 drivers
v0000015a78c656d0_0 .net *"_ivl_2", 0 0, L_0000015a78c6cf00;  1 drivers
v0000015a78c653b0_0 .net *"_ivl_3", 0 0, L_0000015a78c05770;  1 drivers
v0000015a78c66cb0_0 .net *"_ivl_5", 0 0, L_0000015a78c04900;  1 drivers
S_0000015a78c682a0 .scope generate, "genblk1[9]" "genblk1[9]" 2 132, 2 132 0, S_0000015a78bef770;
 .timescale -9 -12;
P_0000015a78c0a830 .param/l "i" 0 2 132, +C4<01001>;
L_0000015a78c04890 .functor AND 1, L_0000015a78c6de00, L_0000015a78c6d0e0, C4<1>, C4<1>;
L_0000015a78c04eb0 .functor OR 1, L_0000015a78c6caa0, L_0000015a78c04890, C4<0>, C4<0>;
v0000015a78c65770_0 .net *"_ivl_0", 0 0, L_0000015a78c6caa0;  1 drivers
v0000015a78c65db0_0 .net *"_ivl_1", 0 0, L_0000015a78c6de00;  1 drivers
v0000015a78c66350_0 .net *"_ivl_2", 0 0, L_0000015a78c6d0e0;  1 drivers
v0000015a78c66d50_0 .net *"_ivl_3", 0 0, L_0000015a78c04890;  1 drivers
v0000015a78c66df0_0 .net *"_ivl_5", 0 0, L_0000015a78c04eb0;  1 drivers
S_0000015a78c68430 .scope generate, "genblk1[10]" "genblk1[10]" 2 132, 2 132 0, S_0000015a78bef770;
 .timescale -9 -12;
P_0000015a78c0a430 .param/l "i" 0 2 132, +C4<01010>;
L_0000015a78c04f20 .functor AND 1, L_0000015a78c6d720, L_0000015a78c6e440, C4<1>, C4<1>;
L_0000015a78c04c10 .functor OR 1, L_0000015a78c6d400, L_0000015a78c04f20, C4<0>, C4<0>;
v0000015a78c663f0_0 .net *"_ivl_0", 0 0, L_0000015a78c6d400;  1 drivers
v0000015a78c66530_0 .net *"_ivl_1", 0 0, L_0000015a78c6d720;  1 drivers
v0000015a78c66e90_0 .net *"_ivl_2", 0 0, L_0000015a78c6e440;  1 drivers
v0000015a78c665d0_0 .net *"_ivl_3", 0 0, L_0000015a78c04f20;  1 drivers
v0000015a78c66670_0 .net *"_ivl_5", 0 0, L_0000015a78c04c10;  1 drivers
S_0000015a78c685c0 .scope generate, "genblk1[11]" "genblk1[11]" 2 132, 2 132 0, S_0000015a78bef770;
 .timescale -9 -12;
P_0000015a78c0a670 .param/l "i" 0 2 132, +C4<01011>;
L_0000015a78c04970 .functor AND 1, L_0000015a78c6dae0, L_0000015a78c6cdc0, C4<1>, C4<1>;
L_0000015a78c04e40 .functor OR 1, L_0000015a78c6dea0, L_0000015a78c04970, C4<0>, C4<0>;
v0000015a78c65090_0 .net *"_ivl_0", 0 0, L_0000015a78c6dea0;  1 drivers
v0000015a78c651d0_0 .net *"_ivl_1", 0 0, L_0000015a78c6dae0;  1 drivers
v0000015a78c658b0_0 .net *"_ivl_2", 0 0, L_0000015a78c6cdc0;  1 drivers
v0000015a78c65270_0 .net *"_ivl_3", 0 0, L_0000015a78c04970;  1 drivers
v0000015a78c65810_0 .net *"_ivl_5", 0 0, L_0000015a78c04e40;  1 drivers
S_0000015a78c68750 .scope generate, "genblk1[12]" "genblk1[12]" 2 132, 2 132 0, S_0000015a78bef770;
 .timescale -9 -12;
P_0000015a78c0aeb0 .param/l "i" 0 2 132, +C4<01100>;
L_0000015a78c049e0 .functor AND 1, L_0000015a78c6d4a0, L_0000015a78c6e1c0, C4<1>, C4<1>;
L_0000015a78c04a50 .functor OR 1, L_0000015a78c6e760, L_0000015a78c049e0, C4<0>, C4<0>;
v0000015a78c65310_0 .net *"_ivl_0", 0 0, L_0000015a78c6e760;  1 drivers
v0000015a78c654f0_0 .net *"_ivl_1", 0 0, L_0000015a78c6d4a0;  1 drivers
v0000015a78c691f0_0 .net *"_ivl_2", 0 0, L_0000015a78c6e1c0;  1 drivers
v0000015a78c69d30_0 .net *"_ivl_3", 0 0, L_0000015a78c049e0;  1 drivers
v0000015a78c6a2d0_0 .net *"_ivl_5", 0 0, L_0000015a78c04a50;  1 drivers
S_0000015a78c6b430 .scope generate, "genblk1[13]" "genblk1[13]" 2 132, 2 132 0, S_0000015a78bef770;
 .timescale -9 -12;
P_0000015a78c0aa30 .param/l "i" 0 2 132, +C4<01101>;
L_0000015a78c05150 .functor AND 1, L_0000015a78c6d180, L_0000015a78c6e120, C4<1>, C4<1>;
L_0000015a78c04dd0 .functor OR 1, L_0000015a78c6ce60, L_0000015a78c05150, C4<0>, C4<0>;
v0000015a78c6a410_0 .net *"_ivl_0", 0 0, L_0000015a78c6ce60;  1 drivers
v0000015a78c69ab0_0 .net *"_ivl_1", 0 0, L_0000015a78c6d180;  1 drivers
v0000015a78c6a0f0_0 .net *"_ivl_2", 0 0, L_0000015a78c6e120;  1 drivers
v0000015a78c6a4b0_0 .net *"_ivl_3", 0 0, L_0000015a78c05150;  1 drivers
v0000015a78c6a730_0 .net *"_ivl_5", 0 0, L_0000015a78c04dd0;  1 drivers
S_0000015a78c6ac60 .scope generate, "genblk1[14]" "genblk1[14]" 2 132, 2 132 0, S_0000015a78bef770;
 .timescale -9 -12;
P_0000015a78c0a6f0 .param/l "i" 0 2 132, +C4<01110>;
L_0000015a78c04ba0 .functor AND 1, L_0000015a78c6e080, L_0000015a78c6e800, C4<1>, C4<1>;
L_0000015a78c05000 .functor OR 1, L_0000015a78c6e260, L_0000015a78c04ba0, C4<0>, C4<0>;
v0000015a78c6a550_0 .net *"_ivl_0", 0 0, L_0000015a78c6e260;  1 drivers
v0000015a78c69b50_0 .net *"_ivl_1", 0 0, L_0000015a78c6e080;  1 drivers
v0000015a78c6a5f0_0 .net *"_ivl_2", 0 0, L_0000015a78c6e800;  1 drivers
v0000015a78c68e30_0 .net *"_ivl_3", 0 0, L_0000015a78c04ba0;  1 drivers
v0000015a78c69330_0 .net *"_ivl_5", 0 0, L_0000015a78c05000;  1 drivers
S_0000015a78c6aad0 .scope generate, "genblk1[15]" "genblk1[15]" 2 132, 2 132 0, S_0000015a78bef770;
 .timescale -9 -12;
P_0000015a78c0ae30 .param/l "i" 0 2 132, +C4<01111>;
L_0000015a78c05070 .functor AND 1, L_0000015a78c6d900, L_0000015a78c6d680, C4<1>, C4<1>;
L_0000015a78c725a0 .functor OR 1, L_0000015a78c6e620, L_0000015a78c05070, C4<0>, C4<0>;
v0000015a78c69e70_0 .net *"_ivl_0", 0 0, L_0000015a78c6e620;  1 drivers
v0000015a78c6a190_0 .net *"_ivl_1", 0 0, L_0000015a78c6d900;  1 drivers
v0000015a78c6a050_0 .net *"_ivl_2", 0 0, L_0000015a78c6d680;  1 drivers
v0000015a78c69bf0_0 .net *"_ivl_3", 0 0, L_0000015a78c05070;  1 drivers
v0000015a78c69dd0_0 .net *"_ivl_5", 0 0, L_0000015a78c725a0;  1 drivers
    .scope S_0000015a78bef5e0;
T_1 ;
    %wait E_0000015a78c0a8b0;
    %load/vec4 v0000015a78bf60f0_0;
    %flag_set/vec4 8;
    %jmp/0xz  T_1.0, 8;
    %load/vec4 v0000015a78bf6a50_0;
    %parti/s 1, 19, 6;
    %load/vec4 v0000015a78bf6a50_0;
    %concat/vec4; draw_concat_vec4
    %load/vec4 v0000015a78bf6af0_0;
    %parti/s 1, 19, 6;
    %load/vec4 v0000015a78bf6af0_0;
    %concat/vec4; draw_concat_vec4
    %add;
    %store/vec4 v0000015a78bf7590_0, 0, 21;
    %jmp T_1.1;
T_1.0 ;
    %pushi/vec4 0, 0, 1;
    %load/vec4 v0000015a78bf6a50_0;
    %concat/vec4; draw_concat_vec4
    %pushi/vec4 0, 0, 1;
    %load/vec4 v0000015a78bf6af0_0;
    %concat/vec4; draw_concat_vec4
    %add;
    %store/vec4 v0000015a78bf7590_0, 0, 21;
T_1.1 ;
    %jmp T_1;
    .thread T_1, $push;
    .scope S_0000015a78c08eb0;
T_2 ;
    %pushi/vec4 100000, 0, 20;
    %store/vec4 v0000015a78c68bb0_0, 0, 20;
    %pushi/vec4 500000, 0, 36;
    %store/vec4 v0000015a78c68c50_0, 0, 36;
    %delay 10000, 0;
    %fork TD_tb_se_cla.print_result, S_0000015a78be8600;
    %join;
    %pushi/vec4 300000, 0, 20;
    %store/vec4 v0000015a78c68bb0_0, 0, 20;
    %pushi/vec4 4294954796, 0, 32;
    %concati/vec4 0, 0, 4;
    %store/vec4 v0000015a78c68c50_0, 0, 36;
    %delay 10000, 0;
    %fork TD_tb_se_cla.print_result, S_0000015a78be8600;
    %join;
    %pushi/vec4 798576, 0, 20;
    %store/vec4 v0000015a78c68bb0_0, 0, 20;
    %pushi/vec4 4294929796, 0, 32;
    %concati/vec4 0, 0, 4;
    %store/vec4 v0000015a78c68c50_0, 0, 36;
    %delay 10000, 0;
    %fork TD_tb_se_cla.print_result, S_0000015a78be8600;
    %join;
    %pushi/vec4 0, 0, 20;
    %store/vec4 v0000015a78c68bb0_0, 0, 20;
    %pushi/vec4 123456, 0, 36;
    %store/vec4 v0000015a78c68c50_0, 0, 36;
    %delay 10000, 0;
    %fork TD_tb_se_cla.print_result, S_0000015a78be8600;
    %join;
    %pushi/vec4 654321, 0, 20;
    %store/vec4 v0000015a78c68bb0_0, 0, 20;
    %pushi/vec4 0, 0, 36;
    %store/vec4 v0000015a78c68c50_0, 0, 36;
    %delay 10000, 0;
    %fork TD_tb_se_cla.print_result, S_0000015a78be8600;
    %join;
    %pushi/vec4 524287, 0, 20;
    %store/vec4 v0000015a78c68bb0_0, 0, 20;
    %pushi/vec4 1, 0, 36;
    %store/vec4 v0000015a78c68c50_0, 0, 36;
    %delay 10000, 0;
    %fork TD_tb_se_cla.print_result, S_0000015a78be8600;
    %join;
    %pushi/vec4 524288, 0, 20;
    %store/vec4 v0000015a78c68bb0_0, 0, 20;
    %pushi/vec4 4294967295, 0, 32;
    %concati/vec4 6, 0, 4;
    %store/vec4 v0000015a78c68c50_0, 0, 36;
    %delay 10000, 0;
    %fork TD_tb_se_cla.print_result, S_0000015a78be8600;
    %join;
    %vpi_call 2 57 "$finish" {0 0 0};
    %end;
    .thread T_2;
# The file index is used to find the file name in the following table.
:file_names 3;
    "N/A";
    "<interactive>";
    "se_cla.v";
